[2024-02-09 17:36:31] This is codeql database create --language=javascript --source-root C:\Users\t-lucabrera\Desktop\temporal C:\Users\t-lucabrera\Desktop\temporal\javascript-database
[2024-02-09 17:36:31] Log file was started late.
[2024-02-09 17:36:31] [PROGRESS] database create> Initializing database at C:\Users\t-lucabrera\Desktop\temporal\javascript-database.
[2024-02-09 17:36:31] Running plumbing command: codeql database init --language=javascript --extractor-options-verbosity=1 --qlconfig-file=C:\Users\t-lucabrera\Desktop\temporal\qlconfig.yml --source-root=C:\Users\t-lucabrera\Desktop\temporal --allow-missing-source-root=false --allow-already-existing -- C:\Users\t-lucabrera\Desktop\temporal\javascript-database
[2024-02-09 17:36:31] Calling plumbing command: codeql resolve languages --extractor-options-verbosity=1 --format=betterjson
[2024-02-09 17:36:31] [DETAILS] resolve languages> Scanning for [codeql-extractor.yml] from C:\Users\t-lucabrera\Desktop\LearningCodeQL\codeql-bundle\codeql\.codeqlmanifest.json
[2024-02-09 17:36:31] [DETAILS] resolve languages> Parsing C:\Users\t-lucabrera\Desktop\LearningCodeQL\codeql-bundle\codeql\cpp\codeql-extractor.yml.
[2024-02-09 17:36:31] [DETAILS] resolve languages> Parsing C:\Users\t-lucabrera\Desktop\LearningCodeQL\codeql-bundle\codeql\csharp\codeql-extractor.yml.
[2024-02-09 17:36:31] [DETAILS] resolve languages> Parsing C:\Users\t-lucabrera\Desktop\LearningCodeQL\codeql-bundle\codeql\csv\codeql-extractor.yml.
[2024-02-09 17:36:31] [DETAILS] resolve languages> Parsing C:\Users\t-lucabrera\Desktop\LearningCodeQL\codeql-bundle\codeql\go\codeql-extractor.yml.
[2024-02-09 17:36:31] [DETAILS] resolve languages> Parsing C:\Users\t-lucabrera\Desktop\LearningCodeQL\codeql-bundle\codeql\html\codeql-extractor.yml.
[2024-02-09 17:36:31] [DETAILS] resolve languages> Parsing C:\Users\t-lucabrera\Desktop\LearningCodeQL\codeql-bundle\codeql\java\codeql-extractor.yml.
[2024-02-09 17:36:31] [DETAILS] resolve languages> Parsing C:\Users\t-lucabrera\Desktop\LearningCodeQL\codeql-bundle\codeql\javascript\codeql-extractor.yml.
[2024-02-09 17:36:31] [DETAILS] resolve languages> Parsing C:\Users\t-lucabrera\Desktop\LearningCodeQL\codeql-bundle\codeql\properties\codeql-extractor.yml.
[2024-02-09 17:36:31] [DETAILS] resolve languages> Parsing C:\Users\t-lucabrera\Desktop\LearningCodeQL\codeql-bundle\codeql\python\codeql-extractor.yml.
[2024-02-09 17:36:31] [DETAILS] resolve languages> Parsing C:\Users\t-lucabrera\Desktop\LearningCodeQL\codeql-bundle\codeql\ruby\codeql-extractor.yml.
[2024-02-09 17:36:31] [DETAILS] resolve languages> Parsing C:\Users\t-lucabrera\Desktop\LearningCodeQL\codeql-bundle\codeql\swift\codeql-extractor.yml.
[2024-02-09 17:36:31] [DETAILS] resolve languages> Parsing C:\Users\t-lucabrera\Desktop\LearningCodeQL\codeql-bundle\codeql\xml\codeql-extractor.yml.
[2024-02-09 17:36:31] [DETAILS] resolve languages> Parsing C:\Users\t-lucabrera\Desktop\LearningCodeQL\codeql-bundle\codeql\yaml\codeql-extractor.yml.
[2024-02-09 17:36:31] Plumbing command codeql resolve languages completed:
                      {
                        "aliases" : {
                          "c" : "cpp",
                          "c++" : "cpp",
                          "c-c++" : "cpp",
                          "c-cpp" : "cpp",
                          "c#" : "csharp",
                          "java-kotlin" : "java",
                          "kotlin" : "java",
                          "javascript-typescript" : "javascript",
                          "typescript" : "javascript"
                        },
                        "extractors" : {
                          "cpp" : [
                            {
                              "extractor_root" : "C:\\Users\\t-lucabrera\\Desktop\\LearningCodeQL\\codeql-bundle\\codeql\\cpp",
                              "extractor_options" : { }
                            }
                          ],
                          "csharp" : [
                            {
                              "extractor_root" : "C:\\Users\\t-lucabrera\\Desktop\\LearningCodeQL\\codeql-bundle\\codeql\\csharp",
                              "extractor_options" : {
                                "trap" : {
                                  "title" : "Options pertaining to TRAP.",
                                  "description" : "Options pertaining to TRAP.",
                                  "type" : "object",
                                  "properties" : {
                                    "compression" : {
                                      "title" : "Controls compression for the TRAP files written by the extractor.",
                                      "description" : "This option is only intended for use in debugging the extractor. Accepted values are 'brotli' (the default, to write brotli-compressed TRAP), 'gzip', and 'none' (to write uncompressed TRAP).\n",
                                      "type" : "string",
                                      "pattern" : "^(none|gzip|brotli)$"
                                    }
                                  }
                                },
                                "buildless" : {
                                  "title" : "Whether to use buildless (standalone) extraction.",
                                  "description" : "A value indicating, which type of extraction the autobuilder should perform. If 'true', then the standalone extractor will be used, otherwise tracing extraction will be performed. The default is 'false'. Note that buildless extraction will generally yield less accurate analysis results, and should only be used in cases where it is not possible to build the code (for example if it uses inaccessible dependencies).\n",
                                  "type" : "string",
                                  "pattern" : "^(false|true)$"
                                },
                                "cil" : {
                                  "title" : "Whether to enable CIL extraction.",
                                  "description" : "A value indicating, whether CIL extraction should be enabled. The default is 'true'.\n",
                                  "type" : "string",
                                  "pattern" : "^(false|true)$"
                                }
                              }
                            }
                          ],
                          "csv" : [
                            {
                              "extractor_root" : "C:\\Users\\t-lucabrera\\Desktop\\LearningCodeQL\\codeql-bundle\\codeql\\csv"
                            }
                          ],
                          "go" : [
                            {
                              "extractor_root" : "C:\\Users\\t-lucabrera\\Desktop\\LearningCodeQL\\codeql-bundle\\codeql\\go"
                            }
                          ],
                          "html" : [
                            {
                              "extractor_root" : "C:\\Users\\t-lucabrera\\Desktop\\LearningCodeQL\\codeql-bundle\\codeql\\html"
                            }
                          ],
                          "java" : [
                            {
                              "extractor_root" : "C:\\Users\\t-lucabrera\\Desktop\\LearningCodeQL\\codeql-bundle\\codeql\\java",
                              "extractor_options" : {
                                "exclude" : {
                                  "title" : "A glob excluding files from analysis.",
                                  "description" : "A glob indicating what files to exclude from the analysis.\n",
                                  "type" : "string"
                                },
                                "add_prefer_source" : {
                                  "title" : "Whether to always prefer source files over class files.",
                                  "description" : "A value indicating whether source files should be preferred over class files. If set to 'true', the extraction adds '-Xprefer:source' to the javac command line. If set to 'false', the extraction uses the default javac behavior ('-Xprefer:newer'). The default is 'true'.\n",
                                  "type" : "string",
                                  "pattern" : "^(false|true)$"
                                },
                                "buildless" : {
                                  "title" : "Whether to use buildless (standalone) extraction (experimental).",
                                  "description" : "A value indicating, which type of extraction the autobuilder should perform. If 'true', then the standalone extractor will be used, otherwise tracing extraction will be performed. The default is 'false'. Note that buildless extraction will generally yield less accurate analysis results, and should only be used in cases where it is not possible to build the code (for example if it uses inaccessible dependencies).\n",
                                  "type" : "string",
                                  "pattern" : "^(false|true)$"
                                }
                              }
                            }
                          ],
                          "javascript" : [
                            {
                              "extractor_root" : "C:\\Users\\t-lucabrera\\Desktop\\LearningCodeQL\\codeql-bundle\\codeql\\javascript",
                              "extractor_options" : {
                                "skip_types" : {
                                  "title" : "Skip type extraction for TypeScript",
                                  "description" : "Whether to skip the extraction of types in a TypeScript application",
                                  "type" : "string",
                                  "pattern" : "^(false|true)$"
                                }
                              }
                            }
                          ],
                          "properties" : [
                            {
                              "extractor_root" : "C:\\Users\\t-lucabrera\\Desktop\\LearningCodeQL\\codeql-bundle\\codeql\\properties"
                            }
                          ],
                          "python" : [
                            {
                              "extractor_root" : "C:\\Users\\t-lucabrera\\Desktop\\LearningCodeQL\\codeql-bundle\\codeql\\python",
                              "extractor_options" : {
                                "logging" : {
                                  "title" : "Options pertaining to logging.",
                                  "description" : "Options pertaining to logging.",
                                  "type" : "object",
                                  "properties" : {
                                    "verbosity" : {
                                      "title" : "Python extractor logging verbosity level.",
                                      "description" : "Controls the level of verbosity of the CodeQL Python extractor.\nThe supported levels are (in order of increasing verbosity):\n\n  - off\n  - errors\n  - warnings\n  - info or progress\n  - debug or progress+\n  - trace or progress++\n  - progress+++\n",
                                      "type" : "string",
                                      "pattern" : "^(off|errors|warnings|(info|progress)|(debug|progress\\+)|(trace|progress\\+\\+)|progress\\+\\+\\+)$"
                                    }
                                  }
                                }
                              }
                            }
                          ],
                          "ruby" : [
                            {
                              "extractor_root" : "C:\\Users\\t-lucabrera\\Desktop\\LearningCodeQL\\codeql-bundle\\codeql\\ruby",
                              "extractor_options" : {
                                "trap" : {
                                  "title" : "Options pertaining to TRAP.",
                                  "description" : "Options pertaining to TRAP.",
                                  "type" : "object",
                                  "properties" : {
                                    "compression" : {
                                      "title" : "Controls compression for the TRAP files written by the extractor.",
                                      "description" : "This option is only intended for use in debugging the extractor. Accepted values are 'gzip' (the default, to write gzip-compressed TRAP) and 'none' (to write uncompressed TRAP).\n",
                                      "type" : "string",
                                      "pattern" : "^(none|gzip)$"
                                    }
                                  }
                                }
                              }
                            }
                          ],
                          "swift" : [
                            {
                              "extractor_root" : "C:\\Users\\t-lucabrera\\Desktop\\LearningCodeQL\\codeql-bundle\\codeql\\swift"
                            }
                          ],
                          "xml" : [
                            {
                              "extractor_root" : "C:\\Users\\t-lucabrera\\Desktop\\LearningCodeQL\\codeql-bundle\\codeql\\xml"
                            }
                          ],
                          "yaml" : [
                            {
                              "extractor_root" : "C:\\Users\\t-lucabrera\\Desktop\\LearningCodeQL\\codeql-bundle\\codeql\\yaml"
                            }
                          ]
                        }
                      }
[2024-02-09 17:36:32] [PROGRESS] database init> Calculating baseline information in C:\Users\t-lucabrera\Desktop\temporal
[2024-02-09 17:36:32] [SPAMMY] database init> Ignoring the following directories when processing baseline information: .git, .hg, .svn.
[2024-02-09 17:36:32] [DETAILS] database init> Running command in C:\Users\t-lucabrera\Desktop\temporal: C:\Users\t-lucabrera\Desktop\LearningCodeQL\codeql-bundle\codeql\tools\win64\scc.exe --by-file --exclude-dir .git,.hg,.svn --format json --no-large --no-min .
[2024-02-09 17:36:32] Using configure-baseline script C:\Users\t-lucabrera\Desktop\LearningCodeQL\codeql-bundle\codeql\javascript\tools\configure-baseline.cmd.
[2024-02-09 17:36:32] [PROGRESS] database init> Running command in C:\Users\t-lucabrera\Desktop\temporal: [C:\Users\t-lucabrera\Desktop\LearningCodeQL\codeql-bundle\codeql\javascript\tools\configure-baseline.cmd]
[2024-02-09 17:36:32] [SPAMMY] database init> Ignored an additional 163 files when processing baseline information for JavaScript due to paths and paths-ignore configuration.
[2024-02-09 17:36:32] [SPAMMY] database init> Found 2 baseline files for javascript.
[2024-02-09 17:36:32] [PROGRESS] database init> Calculated baseline information for languages: javascript (317ms).
[2024-02-09 17:36:32] [PROGRESS] database init> Resolving extractor javascript.
[2024-02-09 17:36:32] [DETAILS] database init> Found candidate extractor root for javascript: C:\Users\t-lucabrera\Desktop\LearningCodeQL\codeql-bundle\codeql\javascript.
[2024-02-09 17:36:32] [PROGRESS] database init> Successfully loaded extractor JavaScript/TypeScript (javascript) from C:\Users\t-lucabrera\Desktop\LearningCodeQL\codeql-bundle\codeql\javascript.
[2024-02-09 17:36:32] [PROGRESS] database init> Created skeleton CodeQL database at C:\Users\t-lucabrera\Desktop\temporal\javascript-database. This in-progress database is ready to be populated by an extractor.
[2024-02-09 17:36:32] Plumbing command codeql database init completed.
[2024-02-09 17:36:32] [PROGRESS] database create> Running build command: []
[2024-02-09 17:36:32] Running plumbing command: codeql database trace-command --working-dir=C:\Users\t-lucabrera\Desktop\temporal --index-traceless-dbs --no-db-cluster -- C:\Users\t-lucabrera\Desktop\temporal\javascript-database
[2024-02-09 17:36:32] Using autobuild script C:\Users\t-lucabrera\Desktop\LearningCodeQL\codeql-bundle\codeql\javascript\tools\autobuild.cmd.
[2024-02-09 17:36:32] [PROGRESS] database trace-command> Running command in C:\Users\t-lucabrera\Desktop\temporal: [C:\Users\t-lucabrera\Desktop\LearningCodeQL\codeql-bundle\codeql\javascript\tools\autobuild.cmd]
[2024-02-09 17:36:33] [build-stdout] Single-threaded extraction.
[2024-02-09 17:36:33] [build-stdout] Extracting C:\Users\t-lucabrera\Desktop\temporal\notReachableFile.js
[2024-02-09 17:36:33] [build-stdout] Done extracting C:\Users\t-lucabrera\Desktop\temporal\notReachableFile.js (220 ms)
[2024-02-09 17:36:33] [build-stdout] Extracting C:\Users\t-lucabrera\Desktop\temporal\package.json
[2024-02-09 17:36:33] [build-stdout] Done extracting C:\Users\t-lucabrera\Desktop\temporal\package.json (18 ms)
[2024-02-09 17:36:33] [build-stdout] Extracting C:\Users\t-lucabrera\Desktop\temporal\reachableFile.js
[2024-02-09 17:36:33] [build-stdout] Done extracting C:\Users\t-lucabrera\Desktop\temporal\reachableFile.js (40 ms)
[2024-02-09 17:36:33] [build-stderr] No externs trap cache found
[2024-02-09 17:36:33] [build-stdout] Extracting C:\Users\t-lucabrera\Desktop\LearningCodeQL\codeql-bundle\codeql\javascript\tools\data\externs\es\es2016.js
[2024-02-09 17:36:33] [build-stdout] Done extracting C:\Users\t-lucabrera\Desktop\LearningCodeQL\codeql-bundle\codeql\javascript\tools\data\externs\es\es2016.js (39 ms)
[2024-02-09 17:36:33] [build-stdout] Extracting C:\Users\t-lucabrera\Desktop\LearningCodeQL\codeql-bundle\codeql\javascript\tools\data\externs\es\es2017.js
[2024-02-09 17:36:33] [build-stdout] Done extracting C:\Users\t-lucabrera\Desktop\LearningCodeQL\codeql-bundle\codeql\javascript\tools\data\externs\es\es2017.js (31 ms)
[2024-02-09 17:36:33] [build-stdout] Extracting C:\Users\t-lucabrera\Desktop\LearningCodeQL\codeql-bundle\codeql\javascript\tools\data\externs\es\es3.js
[2024-02-09 17:36:33] [build-stdout] Done extracting C:\Users\t-lucabrera\Desktop\LearningCodeQL\codeql-bundle\codeql\javascript\tools\data\externs\es\es3.js (287 ms)
[2024-02-09 17:36:33] [build-stdout] Extracting C:\Users\t-lucabrera\Desktop\LearningCodeQL\codeql-bundle\codeql\javascript\tools\data\externs\es\es5.js
[2024-02-09 17:36:33] [build-stdout] Done extracting C:\Users\t-lucabrera\Desktop\LearningCodeQL\codeql-bundle\codeql\javascript\tools\data\externs\es\es5.js (75 ms)
[2024-02-09 17:36:33] [build-stdout] Extracting C:\Users\t-lucabrera\Desktop\LearningCodeQL\codeql-bundle\codeql\javascript\tools\data\externs\es\es6.js
[2024-02-09 17:36:34] [build-stdout] Done extracting C:\Users\t-lucabrera\Desktop\LearningCodeQL\codeql-bundle\codeql\javascript\tools\data\externs\es\es6.js (168 ms)
[2024-02-09 17:36:34] [build-stdout] Extracting C:\Users\t-lucabrera\Desktop\LearningCodeQL\codeql-bundle\codeql\javascript\tools\data\externs\es\es6_collections.js
[2024-02-09 17:36:34] [build-stdout] Done extracting C:\Users\t-lucabrera\Desktop\LearningCodeQL\codeql-bundle\codeql\javascript\tools\data\externs\es\es6_collections.js (42 ms)
[2024-02-09 17:36:34] [build-stdout] Extracting C:\Users\t-lucabrera\Desktop\LearningCodeQL\codeql-bundle\codeql\javascript\tools\data\externs\es\intl.js
[2024-02-09 17:36:34] [build-stdout] Done extracting C:\Users\t-lucabrera\Desktop\LearningCodeQL\codeql-bundle\codeql\javascript\tools\data\externs\es\intl.js (52 ms)
[2024-02-09 17:36:34] [build-stdout] Extracting C:\Users\t-lucabrera\Desktop\LearningCodeQL\codeql-bundle\codeql\javascript\tools\data\externs\es\proxy.js
[2024-02-09 17:36:34] [build-stdout] Done extracting C:\Users\t-lucabrera\Desktop\LearningCodeQL\codeql-bundle\codeql\javascript\tools\data\externs\es\proxy.js (29 ms)
[2024-02-09 17:36:34] [build-stdout] Extracting C:\Users\t-lucabrera\Desktop\LearningCodeQL\codeql-bundle\codeql\javascript\tools\data\externs\lib\bdd.js
[2024-02-09 17:36:34] [build-stdout] Done extracting C:\Users\t-lucabrera\Desktop\LearningCodeQL\codeql-bundle\codeql\javascript\tools\data\externs\lib\bdd.js (44 ms)
[2024-02-09 17:36:34] [build-stdout] Extracting C:\Users\t-lucabrera\Desktop\LearningCodeQL\codeql-bundle\codeql\javascript\tools\data\externs\lib\jquery-3.2.js
[2024-02-09 17:36:34] [build-stdout] Done extracting C:\Users\t-lucabrera\Desktop\LearningCodeQL\codeql-bundle\codeql\javascript\tools\data\externs\lib\jquery-3.2.js (238 ms)
[2024-02-09 17:36:34] [build-stdout] Extracting C:\Users\t-lucabrera\Desktop\LearningCodeQL\codeql-bundle\codeql\javascript\tools\data\externs\lib\should.js
[2024-02-09 17:36:34] [build-stdout] Done extracting C:\Users\t-lucabrera\Desktop\LearningCodeQL\codeql-bundle\codeql\javascript\tools\data\externs\lib\should.js (65 ms)
[2024-02-09 17:36:34] [build-stdout] Extracting C:\Users\t-lucabrera\Desktop\LearningCodeQL\codeql-bundle\codeql\javascript\tools\data\externs\lib\vows.js
[2024-02-09 17:36:34] [build-stdout] Done extracting C:\Users\t-lucabrera\Desktop\LearningCodeQL\codeql-bundle\codeql\javascript\tools\data\externs\lib\vows.js (61 ms)
[2024-02-09 17:36:34] [build-stdout] Extracting C:\Users\t-lucabrera\Desktop\LearningCodeQL\codeql-bundle\codeql\javascript\tools\data\externs\nodejs\assert.js
[2024-02-09 17:36:34] [build-stdout] Done extracting C:\Users\t-lucabrera\Desktop\LearningCodeQL\codeql-bundle\codeql\javascript\tools\data\externs\nodejs\assert.js (79 ms)
[2024-02-09 17:36:34] [build-stdout] Extracting C:\Users\t-lucabrera\Desktop\LearningCodeQL\codeql-bundle\codeql\javascript\tools\data\externs\nodejs\assert_legacy.js
[2024-02-09 17:36:34] [build-stdout] Done extracting C:\Users\t-lucabrera\Desktop\LearningCodeQL\codeql-bundle\codeql\javascript\tools\data\externs\nodejs\assert_legacy.js (40 ms)
[2024-02-09 17:36:34] [build-stdout] Extracting C:\Users\t-lucabrera\Desktop\LearningCodeQL\codeql-bundle\codeql\javascript\tools\data\externs\nodejs\buffer.js
[2024-02-09 17:36:34] [build-stdout] Done extracting C:\Users\t-lucabrera\Desktop\LearningCodeQL\codeql-bundle\codeql\javascript\tools\data\externs\nodejs\buffer.js (54 ms)
[2024-02-09 17:36:34] [build-stdout] Extracting C:\Users\t-lucabrera\Desktop\LearningCodeQL\codeql-bundle\codeql\javascript\tools\data\externs\nodejs\child_process.js
[2024-02-09 17:36:34] [build-stdout] Done extracting C:\Users\t-lucabrera\Desktop\LearningCodeQL\codeql-bundle\codeql\javascript\tools\data\externs\nodejs\child_process.js (114 ms)
[2024-02-09 17:36:34] [build-stdout] Extracting C:\Users\t-lucabrera\Desktop\LearningCodeQL\codeql-bundle\codeql\javascript\tools\data\externs\nodejs\cluster.js
[2024-02-09 17:36:35] [build-stdout] Done extracting C:\Users\t-lucabrera\Desktop\LearningCodeQL\codeql-bundle\codeql\javascript\tools\data\externs\nodejs\cluster.js (143 ms)
[2024-02-09 17:36:35] [build-stdout] Extracting C:\Users\t-lucabrera\Desktop\LearningCodeQL\codeql-bundle\codeql\javascript\tools\data\externs\nodejs\console.js
[2024-02-09 17:36:35] [build-stdout] Done extracting C:\Users\t-lucabrera\Desktop\LearningCodeQL\codeql-bundle\codeql\javascript\tools\data\externs\nodejs\console.js (37 ms)
[2024-02-09 17:36:35] [build-stdout] Extracting C:\Users\t-lucabrera\Desktop\LearningCodeQL\codeql-bundle\codeql\javascript\tools\data\externs\nodejs\constants.js
[2024-02-09 17:36:35] [build-stdout] Done extracting C:\Users\t-lucabrera\Desktop\LearningCodeQL\codeql-bundle\codeql\javascript\tools\data\externs\nodejs\constants.js (164 ms)
[2024-02-09 17:36:35] [build-stdout] Extracting C:\Users\t-lucabrera\Desktop\LearningCodeQL\codeql-bundle\codeql\javascript\tools\data\externs\nodejs\crypto.js
[2024-02-09 17:36:35] [build-stdout] Done extracting C:\Users\t-lucabrera\Desktop\LearningCodeQL\codeql-bundle\codeql\javascript\tools\data\externs\nodejs\crypto.js (127 ms)
[2024-02-09 17:36:35] [build-stdout] Extracting C:\Users\t-lucabrera\Desktop\LearningCodeQL\codeql-bundle\codeql\javascript\tools\data\externs\nodejs\dgram.js
[2024-02-09 17:36:35] [build-stdout] Done extracting C:\Users\t-lucabrera\Desktop\LearningCodeQL\codeql-bundle\codeql\javascript\tools\data\externs\nodejs\dgram.js (48 ms)
[2024-02-09 17:36:35] [build-stdout] Extracting C:\Users\t-lucabrera\Desktop\LearningCodeQL\codeql-bundle\codeql\javascript\tools\data\externs\nodejs\dns.js
[2024-02-09 17:36:35] [build-stdout] Done extracting C:\Users\t-lucabrera\Desktop\LearningCodeQL\codeql-bundle\codeql\javascript\tools\data\externs\nodejs\dns.js (57 ms)
[2024-02-09 17:36:35] [build-stdout] Extracting C:\Users\t-lucabrera\Desktop\LearningCodeQL\codeql-bundle\codeql\javascript\tools\data\externs\nodejs\domain.js
[2024-02-09 17:36:35] [build-stdout] Done extracting C:\Users\t-lucabrera\Desktop\LearningCodeQL\codeql-bundle\codeql\javascript\tools\data\externs\nodejs\domain.js (43 ms)
[2024-02-09 17:36:35] [build-stdout] Extracting C:\Users\t-lucabrera\Desktop\LearningCodeQL\codeql-bundle\codeql\javascript\tools\data\externs\nodejs\events.js
[2024-02-09 17:36:35] [build-stdout] Done extracting C:\Users\t-lucabrera\Desktop\LearningCodeQL\codeql-bundle\codeql\javascript\tools\data\externs\nodejs\events.js (40 ms)
[2024-02-09 17:36:35] [build-stdout] Extracting C:\Users\t-lucabrera\Desktop\LearningCodeQL\codeql-bundle\codeql\javascript\tools\data\externs\nodejs\fs.js
[2024-02-09 17:36:35] [build-stdout] Done extracting C:\Users\t-lucabrera\Desktop\LearningCodeQL\codeql-bundle\codeql\javascript\tools\data\externs\nodejs\fs.js (187 ms)
[2024-02-09 17:36:35] [build-stdout] Extracting C:\Users\t-lucabrera\Desktop\LearningCodeQL\codeql-bundle\codeql\javascript\tools\data\externs\nodejs\globals.js
[2024-02-09 17:36:35] [build-stdout] Done extracting C:\Users\t-lucabrera\Desktop\LearningCodeQL\codeql-bundle\codeql\javascript\tools\data\externs\nodejs\globals.js (172 ms)
[2024-02-09 17:36:35] [build-stdout] Extracting C:\Users\t-lucabrera\Desktop\LearningCodeQL\codeql-bundle\codeql\javascript\tools\data\externs\nodejs\http.js
[2024-02-09 17:36:36] [build-stdout] Done extracting C:\Users\t-lucabrera\Desktop\LearningCodeQL\codeql-bundle\codeql\javascript\tools\data\externs\nodejs\http.js (73 ms)
[2024-02-09 17:36:36] [build-stdout] Extracting C:\Users\t-lucabrera\Desktop\LearningCodeQL\codeql-bundle\codeql\javascript\tools\data\externs\nodejs\https.js
[2024-02-09 17:36:36] [build-stdout] Done extracting C:\Users\t-lucabrera\Desktop\LearningCodeQL\codeql-bundle\codeql\javascript\tools\data\externs\nodejs\https.js (45 ms)
[2024-02-09 17:36:36] [build-stdout] Extracting C:\Users\t-lucabrera\Desktop\LearningCodeQL\codeql-bundle\codeql\javascript\tools\data\externs\nodejs\module.js
[2024-02-09 17:36:36] [build-stdout] Done extracting C:\Users\t-lucabrera\Desktop\LearningCodeQL\codeql-bundle\codeql\javascript\tools\data\externs\nodejs\module.js (37 ms)
[2024-02-09 17:36:36] [build-stdout] Extracting C:\Users\t-lucabrera\Desktop\LearningCodeQL\codeql-bundle\codeql\javascript\tools\data\externs\nodejs\net.js
[2024-02-09 17:36:36] [build-stdout] Done extracting C:\Users\t-lucabrera\Desktop\LearningCodeQL\codeql-bundle\codeql\javascript\tools\data\externs\nodejs\net.js (64 ms)
[2024-02-09 17:36:36] [build-stdout] Extracting C:\Users\t-lucabrera\Desktop\LearningCodeQL\codeql-bundle\codeql\javascript\tools\data\externs\nodejs\os.js
[2024-02-09 17:36:36] [build-stdout] Done extracting C:\Users\t-lucabrera\Desktop\LearningCodeQL\codeql-bundle\codeql\javascript\tools\data\externs\nodejs\os.js (45 ms)
[2024-02-09 17:36:36] [build-stdout] Extracting C:\Users\t-lucabrera\Desktop\LearningCodeQL\codeql-bundle\codeql\javascript\tools\data\externs\nodejs\path.js
[2024-02-09 17:36:36] [build-stdout] Done extracting C:\Users\t-lucabrera\Desktop\LearningCodeQL\codeql-bundle\codeql\javascript\tools\data\externs\nodejs\path.js (57 ms)
[2024-02-09 17:36:36] [build-stdout] Extracting C:\Users\t-lucabrera\Desktop\LearningCodeQL\codeql-bundle\codeql\javascript\tools\data\externs\nodejs\process.js
[2024-02-09 17:36:36] [build-stdout] Done extracting C:\Users\t-lucabrera\Desktop\LearningCodeQL\codeql-bundle\codeql\javascript\tools\data\externs\nodejs\process.js (33 ms)
[2024-02-09 17:36:36] [build-stdout] Extracting C:\Users\t-lucabrera\Desktop\LearningCodeQL\codeql-bundle\codeql\javascript\tools\data\externs\nodejs\punycode.js
[2024-02-09 17:36:36] [build-stdout] Done extracting C:\Users\t-lucabrera\Desktop\LearningCodeQL\codeql-bundle\codeql\javascript\tools\data\externs\nodejs\punycode.js (39 ms)
[2024-02-09 17:36:36] [build-stdout] Extracting C:\Users\t-lucabrera\Desktop\LearningCodeQL\codeql-bundle\codeql\javascript\tools\data\externs\nodejs\querystring.js
[2024-02-09 17:36:36] [build-stdout] Done extracting C:\Users\t-lucabrera\Desktop\LearningCodeQL\codeql-bundle\codeql\javascript\tools\data\externs\nodejs\querystring.js (45 ms)
[2024-02-09 17:36:36] [build-stdout] Extracting C:\Users\t-lucabrera\Desktop\LearningCodeQL\codeql-bundle\codeql\javascript\tools\data\externs\nodejs\readline.js
[2024-02-09 17:36:36] [build-stdout] Done extracting C:\Users\t-lucabrera\Desktop\LearningCodeQL\codeql-bundle\codeql\javascript\tools\data\externs\nodejs\readline.js (46 ms)
[2024-02-09 17:36:36] [build-stdout] Extracting C:\Users\t-lucabrera\Desktop\LearningCodeQL\codeql-bundle\codeql\javascript\tools\data\externs\nodejs\repl.js
[2024-02-09 17:36:36] [build-stdout] Done extracting C:\Users\t-lucabrera\Desktop\LearningCodeQL\codeql-bundle\codeql\javascript\tools\data\externs\nodejs\repl.js (43 ms)
[2024-02-09 17:36:36] [build-stdout] Extracting C:\Users\t-lucabrera\Desktop\LearningCodeQL\codeql-bundle\codeql\javascript\tools\data\externs\nodejs\stream.js
[2024-02-09 17:36:36] [build-stdout] Done extracting C:\Users\t-lucabrera\Desktop\LearningCodeQL\codeql-bundle\codeql\javascript\tools\data\externs\nodejs\stream.js (120 ms)
[2024-02-09 17:36:36] [build-stdout] Extracting C:\Users\t-lucabrera\Desktop\LearningCodeQL\codeql-bundle\codeql\javascript\tools\data\externs\nodejs\string_decoder.js
[2024-02-09 17:36:36] [build-stdout] Done extracting C:\Users\t-lucabrera\Desktop\LearningCodeQL\codeql-bundle\codeql\javascript\tools\data\externs\nodejs\string_decoder.js (36 ms)
[2024-02-09 17:36:36] [build-stdout] Extracting C:\Users\t-lucabrera\Desktop\LearningCodeQL\codeql-bundle\codeql\javascript\tools\data\externs\nodejs\sys.js
[2024-02-09 17:36:36] [build-stdout] Done extracting C:\Users\t-lucabrera\Desktop\LearningCodeQL\codeql-bundle\codeql\javascript\tools\data\externs\nodejs\sys.js (44 ms)
[2024-02-09 17:36:36] [build-stdout] Extracting C:\Users\t-lucabrera\Desktop\LearningCodeQL\codeql-bundle\codeql\javascript\tools\data\externs\nodejs\timers.js
[2024-02-09 17:36:36] [build-stdout] Done extracting C:\Users\t-lucabrera\Desktop\LearningCodeQL\codeql-bundle\codeql\javascript\tools\data\externs\nodejs\timers.js (49 ms)
[2024-02-09 17:36:36] [build-stdout] Extracting C:\Users\t-lucabrera\Desktop\LearningCodeQL\codeql-bundle\codeql\javascript\tools\data\externs\nodejs\tls.js
[2024-02-09 17:36:36] [build-stdout] Done extracting C:\Users\t-lucabrera\Desktop\LearningCodeQL\codeql-bundle\codeql\javascript\tools\data\externs\nodejs\tls.js (74 ms)
[2024-02-09 17:36:36] [build-stdout] Extracting C:\Users\t-lucabrera\Desktop\LearningCodeQL\codeql-bundle\codeql\javascript\tools\data\externs\nodejs\tty.js
[2024-02-09 17:36:36] [build-stdout] Done extracting C:\Users\t-lucabrera\Desktop\LearningCodeQL\codeql-bundle\codeql\javascript\tools\data\externs\nodejs\tty.js (51 ms)
[2024-02-09 17:36:36] [build-stdout] Extracting C:\Users\t-lucabrera\Desktop\LearningCodeQL\codeql-bundle\codeql\javascript\tools\data\externs\nodejs\url.js
[2024-02-09 17:36:36] [build-stdout] Done extracting C:\Users\t-lucabrera\Desktop\LearningCodeQL\codeql-bundle\codeql\javascript\tools\data\externs\nodejs\url.js (52 ms)
[2024-02-09 17:36:36] [build-stdout] Extracting C:\Users\t-lucabrera\Desktop\LearningCodeQL\codeql-bundle\codeql\javascript\tools\data\externs\nodejs\util.js
[2024-02-09 17:36:37] [build-stdout] Done extracting C:\Users\t-lucabrera\Desktop\LearningCodeQL\codeql-bundle\codeql\javascript\tools\data\externs\nodejs\util.js (81 ms)
[2024-02-09 17:36:37] [build-stdout] Extracting C:\Users\t-lucabrera\Desktop\LearningCodeQL\codeql-bundle\codeql\javascript\tools\data\externs\nodejs\v8.js
[2024-02-09 17:36:37] [build-stdout] Done extracting C:\Users\t-lucabrera\Desktop\LearningCodeQL\codeql-bundle\codeql\javascript\tools\data\externs\nodejs\v8.js (63 ms)
[2024-02-09 17:36:37] [build-stdout] Extracting C:\Users\t-lucabrera\Desktop\LearningCodeQL\codeql-bundle\codeql\javascript\tools\data\externs\nodejs\vm.js
[2024-02-09 17:36:37] [build-stdout] Done extracting C:\Users\t-lucabrera\Desktop\LearningCodeQL\codeql-bundle\codeql\javascript\tools\data\externs\nodejs\vm.js (56 ms)
[2024-02-09 17:36:37] [build-stdout] Extracting C:\Users\t-lucabrera\Desktop\LearningCodeQL\codeql-bundle\codeql\javascript\tools\data\externs\nodejs\zlib.js
[2024-02-09 17:36:37] [build-stdout] Done extracting C:\Users\t-lucabrera\Desktop\LearningCodeQL\codeql-bundle\codeql\javascript\tools\data\externs\nodejs\zlib.js (94 ms)
[2024-02-09 17:36:37] [build-stdout] Extracting C:\Users\t-lucabrera\Desktop\LearningCodeQL\codeql-bundle\codeql\javascript\tools\data\externs\vm\jsshell.js
[2024-02-09 17:36:37] [build-stdout] Done extracting C:\Users\t-lucabrera\Desktop\LearningCodeQL\codeql-bundle\codeql\javascript\tools\data\externs\vm\jsshell.js (93 ms)
[2024-02-09 17:36:37] [build-stdout] Extracting C:\Users\t-lucabrera\Desktop\LearningCodeQL\codeql-bundle\codeql\javascript\tools\data\externs\vm\rhino.js
[2024-02-09 17:36:37] [build-stdout] Done extracting C:\Users\t-lucabrera\Desktop\LearningCodeQL\codeql-bundle\codeql\javascript\tools\data\externs\vm\rhino.js (35 ms)
[2024-02-09 17:36:37] [build-stdout] Extracting C:\Users\t-lucabrera\Desktop\LearningCodeQL\codeql-bundle\codeql\javascript\tools\data\externs\vm\spidermonkey.js
[2024-02-09 17:36:37] [build-stdout] Done extracting C:\Users\t-lucabrera\Desktop\LearningCodeQL\codeql-bundle\codeql\javascript\tools\data\externs\vm\spidermonkey.js (30 ms)
[2024-02-09 17:36:37] [build-stdout] Extracting C:\Users\t-lucabrera\Desktop\LearningCodeQL\codeql-bundle\codeql\javascript\tools\data\externs\vm\v8.js
[2024-02-09 17:36:37] [build-stdout] Done extracting C:\Users\t-lucabrera\Desktop\LearningCodeQL\codeql-bundle\codeql\javascript\tools\data\externs\vm\v8.js (33 ms)
[2024-02-09 17:36:37] [build-stdout] Extracting C:\Users\t-lucabrera\Desktop\LearningCodeQL\codeql-bundle\codeql\javascript\tools\data\externs\web\chrome.js
[2024-02-09 17:36:37] [build-stdout] Done extracting C:\Users\t-lucabrera\Desktop\LearningCodeQL\codeql-bundle\codeql\javascript\tools\data\externs\web\chrome.js (66 ms)
[2024-02-09 17:36:37] [build-stdout] Extracting C:\Users\t-lucabrera\Desktop\LearningCodeQL\codeql-bundle\codeql\javascript\tools\data\externs\web\fetchapi.js
[2024-02-09 17:36:37] [build-stdout] Done extracting C:\Users\t-lucabrera\Desktop\LearningCodeQL\codeql-bundle\codeql\javascript\tools\data\externs\web\fetchapi.js (56 ms)
[2024-02-09 17:36:37] [build-stdout] Extracting C:\Users\t-lucabrera\Desktop\LearningCodeQL\codeql-bundle\codeql\javascript\tools\data\externs\web\fileapi.js
[2024-02-09 17:36:37] [build-stdout] Done extracting C:\Users\t-lucabrera\Desktop\LearningCodeQL\codeql-bundle\codeql\javascript\tools\data\externs\web\fileapi.js (81 ms)
[2024-02-09 17:36:37] [build-stdout] Extracting C:\Users\t-lucabrera\Desktop\LearningCodeQL\codeql-bundle\codeql\javascript\tools\data\externs\web\flash.js
[2024-02-09 17:36:37] [build-stdout] Done extracting C:\Users\t-lucabrera\Desktop\LearningCodeQL\codeql-bundle\codeql\javascript\tools\data\externs\web\flash.js (39 ms)
[2024-02-09 17:36:37] [build-stdout] Extracting C:\Users\t-lucabrera\Desktop\LearningCodeQL\codeql-bundle\codeql\javascript\tools\data\externs\web\gecko_css.js
[2024-02-09 17:36:37] [build-stdout] Done extracting C:\Users\t-lucabrera\Desktop\LearningCodeQL\codeql-bundle\codeql\javascript\tools\data\externs\web\gecko_css.js (39 ms)
[2024-02-09 17:36:37] [build-stdout] Extracting C:\Users\t-lucabrera\Desktop\LearningCodeQL\codeql-bundle\codeql\javascript\tools\data\externs\web\gecko_dom.js
[2024-02-09 17:36:37] [build-stdout] Done extracting C:\Users\t-lucabrera\Desktop\LearningCodeQL\codeql-bundle\codeql\javascript\tools\data\externs\web\gecko_dom.js (81 ms)
[2024-02-09 17:36:37] [build-stdout] Extracting C:\Users\t-lucabrera\Desktop\LearningCodeQL\codeql-bundle\codeql\javascript\tools\data\externs\web\gecko_event.js
[2024-02-09 17:36:37] [build-stdout] Done extracting C:\Users\t-lucabrera\Desktop\LearningCodeQL\codeql-bundle\codeql\javascript\tools\data\externs\web\gecko_event.js (29 ms)
[2024-02-09 17:36:37] [build-stdout] Extracting C:\Users\t-lucabrera\Desktop\LearningCodeQL\codeql-bundle\codeql\javascript\tools\data\externs\web\gecko_ext.js
[2024-02-09 17:36:37] [build-stdout] Done extracting C:\Users\t-lucabrera\Desktop\LearningCodeQL\codeql-bundle\codeql\javascript\tools\data\externs\web\gecko_ext.js (24 ms)
[2024-02-09 17:36:37] [build-stdout] Extracting C:\Users\t-lucabrera\Desktop\LearningCodeQL\codeql-bundle\codeql\javascript\tools\data\externs\web\gecko_xml.js
[2024-02-09 17:36:37] [build-stdout] Done extracting C:\Users\t-lucabrera\Desktop\LearningCodeQL\codeql-bundle\codeql\javascript\tools\data\externs\web\gecko_xml.js (30 ms)
[2024-02-09 17:36:37] [build-stdout] Extracting C:\Users\t-lucabrera\Desktop\LearningCodeQL\codeql-bundle\codeql\javascript\tools\data\externs\web\html5.js
[2024-02-09 17:36:38] [build-stdout] Done extracting C:\Users\t-lucabrera\Desktop\LearningCodeQL\codeql-bundle\codeql\javascript\tools\data\externs\web\html5.js (274 ms)
[2024-02-09 17:36:38] [build-stdout] Extracting C:\Users\t-lucabrera\Desktop\LearningCodeQL\codeql-bundle\codeql\javascript\tools\data\externs\web\ie_css.js
[2024-02-09 17:36:38] [build-stdout] Done extracting C:\Users\t-lucabrera\Desktop\LearningCodeQL\codeql-bundle\codeql\javascript\tools\data\externs\web\ie_css.js (37 ms)
[2024-02-09 17:36:38] [build-stdout] Extracting C:\Users\t-lucabrera\Desktop\LearningCodeQL\codeql-bundle\codeql\javascript\tools\data\externs\web\ie_dom.js
[2024-02-09 17:36:38] [build-stdout] Done extracting C:\Users\t-lucabrera\Desktop\LearningCodeQL\codeql-bundle\codeql\javascript\tools\data\externs\web\ie_dom.js (99 ms)
[2024-02-09 17:36:38] [build-stdout] Extracting C:\Users\t-lucabrera\Desktop\LearningCodeQL\codeql-bundle\codeql\javascript\tools\data\externs\web\ie_event.js
[2024-02-09 17:36:38] [build-stdout] Done extracting C:\Users\t-lucabrera\Desktop\LearningCodeQL\codeql-bundle\codeql\javascript\tools\data\externs\web\ie_event.js (40 ms)
[2024-02-09 17:36:38] [build-stdout] Extracting C:\Users\t-lucabrera\Desktop\LearningCodeQL\codeql-bundle\codeql\javascript\tools\data\externs\web\ie_vml.js
[2024-02-09 17:36:38] [build-stdout] Done extracting C:\Users\t-lucabrera\Desktop\LearningCodeQL\codeql-bundle\codeql\javascript\tools\data\externs\web\ie_vml.js (25 ms)
[2024-02-09 17:36:38] [build-stdout] Extracting C:\Users\t-lucabrera\Desktop\LearningCodeQL\codeql-bundle\codeql\javascript\tools\data\externs\web\intl.js
[2024-02-09 17:36:38] [build-stdout] Done extracting C:\Users\t-lucabrera\Desktop\LearningCodeQL\codeql-bundle\codeql\javascript\tools\data\externs\web\intl.js (37 ms)
[2024-02-09 17:36:38] [build-stdout] Extracting C:\Users\t-lucabrera\Desktop\LearningCodeQL\codeql-bundle\codeql\javascript\tools\data\externs\web\iphone.js
[2024-02-09 17:36:38] [build-stdout] Done extracting C:\Users\t-lucabrera\Desktop\LearningCodeQL\codeql-bundle\codeql\javascript\tools\data\externs\web\iphone.js (37 ms)
[2024-02-09 17:36:38] [build-stdout] Extracting C:\Users\t-lucabrera\Desktop\LearningCodeQL\codeql-bundle\codeql\javascript\tools\data\externs\web\mediasource.js
[2024-02-09 17:36:38] [build-stdout] Done extracting C:\Users\t-lucabrera\Desktop\LearningCodeQL\codeql-bundle\codeql\javascript\tools\data\externs\web\mediasource.js (38 ms)
[2024-02-09 17:36:38] [build-stdout] Extracting C:\Users\t-lucabrera\Desktop\LearningCodeQL\codeql-bundle\codeql\javascript\tools\data\externs\web\page_visibility.js
[2024-02-09 17:36:38] [build-stdout] Done extracting C:\Users\t-lucabrera\Desktop\LearningCodeQL\codeql-bundle\codeql\javascript\tools\data\externs\web\page_visibility.js (22 ms)
[2024-02-09 17:36:38] [build-stdout] Extracting C:\Users\t-lucabrera\Desktop\LearningCodeQL\codeql-bundle\codeql\javascript\tools\data\externs\web\streamsapi.js
[2024-02-09 17:36:38] [build-stdout] Done extracting C:\Users\t-lucabrera\Desktop\LearningCodeQL\codeql-bundle\codeql\javascript\tools\data\externs\web\streamsapi.js (55 ms)
[2024-02-09 17:36:38] [build-stdout] Extracting C:\Users\t-lucabrera\Desktop\LearningCodeQL\codeql-bundle\codeql\javascript\tools\data\externs\web\url.js
[2024-02-09 17:36:38] [build-stdout] Done extracting C:\Users\t-lucabrera\Desktop\LearningCodeQL\codeql-bundle\codeql\javascript\tools\data\externs\web\url.js (36 ms)
[2024-02-09 17:36:38] [build-stdout] Extracting C:\Users\t-lucabrera\Desktop\LearningCodeQL\codeql-bundle\codeql\javascript\tools\data\externs\web\w3c_anim_timing.js
[2024-02-09 17:36:38] [build-stdout] Done extracting C:\Users\t-lucabrera\Desktop\LearningCodeQL\codeql-bundle\codeql\javascript\tools\data\externs\web\w3c_anim_timing.js (29 ms)
[2024-02-09 17:36:38] [build-stdout] Extracting C:\Users\t-lucabrera\Desktop\LearningCodeQL\codeql-bundle\codeql\javascript\tools\data\externs\web\w3c_batterystatus.js
[2024-02-09 17:36:38] [build-stdout] Done extracting C:\Users\t-lucabrera\Desktop\LearningCodeQL\codeql-bundle\codeql\javascript\tools\data\externs\web\w3c_batterystatus.js (29 ms)
[2024-02-09 17:36:38] [build-stdout] Extracting C:\Users\t-lucabrera\Desktop\LearningCodeQL\codeql-bundle\codeql\javascript\tools\data\externs\web\w3c_css.js
[2024-02-09 17:36:38] [build-stdout] Done extracting C:\Users\t-lucabrera\Desktop\LearningCodeQL\codeql-bundle\codeql\javascript\tools\data\externs\web\w3c_css.js (134 ms)
[2024-02-09 17:36:38] [build-stdout] Extracting C:\Users\t-lucabrera\Desktop\LearningCodeQL\codeql-bundle\codeql\javascript\tools\data\externs\web\w3c_css3d.js
[2024-02-09 17:36:38] [build-stdout] Done extracting C:\Users\t-lucabrera\Desktop\LearningCodeQL\codeql-bundle\codeql\javascript\tools\data\externs\web\w3c_css3d.js (35 ms)
[2024-02-09 17:36:38] [build-stdout] Extracting C:\Users\t-lucabrera\Desktop\LearningCodeQL\codeql-bundle\codeql\javascript\tools\data\externs\web\w3c_device_sensor_event.js
[2024-02-09 17:36:38] [build-stdout] Done extracting C:\Users\t-lucabrera\Desktop\LearningCodeQL\codeql-bundle\codeql\javascript\tools\data\externs\web\w3c_device_sensor_event.js (27 ms)
[2024-02-09 17:36:38] [build-stdout] Extracting C:\Users\t-lucabrera\Desktop\LearningCodeQL\codeql-bundle\codeql\javascript\tools\data\externs\web\w3c_dom1.js
[2024-02-09 17:36:38] [build-stdout] Done extracting C:\Users\t-lucabrera\Desktop\LearningCodeQL\codeql-bundle\codeql\javascript\tools\data\externs\web\w3c_dom1.js (89 ms)
[2024-02-09 17:36:38] [build-stdout] Extracting C:\Users\t-lucabrera\Desktop\LearningCodeQL\codeql-bundle\codeql\javascript\tools\data\externs\web\w3c_dom2.js
[2024-02-09 17:36:39] [build-stdout] Done extracting C:\Users\t-lucabrera\Desktop\LearningCodeQL\codeql-bundle\codeql\javascript\tools\data\externs\web\w3c_dom2.js (147 ms)
[2024-02-09 17:36:39] [build-stdout] Extracting C:\Users\t-lucabrera\Desktop\LearningCodeQL\codeql-bundle\codeql\javascript\tools\data\externs\web\w3c_dom3.js
[2024-02-09 17:36:39] [build-stdout] Done extracting C:\Users\t-lucabrera\Desktop\LearningCodeQL\codeql-bundle\codeql\javascript\tools\data\externs\web\w3c_dom3.js (83 ms)
[2024-02-09 17:36:39] [build-stdout] Extracting C:\Users\t-lucabrera\Desktop\LearningCodeQL\codeql-bundle\codeql\javascript\tools\data\externs\web\w3c_dom4.js
[2024-02-09 17:36:39] [build-stdout] Done extracting C:\Users\t-lucabrera\Desktop\LearningCodeQL\codeql-bundle\codeql\javascript\tools\data\externs\web\w3c_dom4.js (30 ms)
[2024-02-09 17:36:39] [build-stdout] Extracting C:\Users\t-lucabrera\Desktop\LearningCodeQL\codeql-bundle\codeql\javascript\tools\data\externs\web\w3c_elementtraversal.js
[2024-02-09 17:36:39] [build-stdout] Done extracting C:\Users\t-lucabrera\Desktop\LearningCodeQL\codeql-bundle\codeql\javascript\tools\data\externs\web\w3c_elementtraversal.js (33 ms)
[2024-02-09 17:36:39] [build-stdout] Extracting C:\Users\t-lucabrera\Desktop\LearningCodeQL\codeql-bundle\codeql\javascript\tools\data\externs\web\w3c_encoding.js
[2024-02-09 17:36:39] [build-stdout] Done extracting C:\Users\t-lucabrera\Desktop\LearningCodeQL\codeql-bundle\codeql\javascript\tools\data\externs\web\w3c_encoding.js (26 ms)
[2024-02-09 17:36:39] [build-stdout] Extracting C:\Users\t-lucabrera\Desktop\LearningCodeQL\codeql-bundle\codeql\javascript\tools\data\externs\web\w3c_event.js
[2024-02-09 17:36:39] [build-stdout] Done extracting C:\Users\t-lucabrera\Desktop\LearningCodeQL\codeql-bundle\codeql\javascript\tools\data\externs\web\w3c_event.js (62 ms)
[2024-02-09 17:36:39] [build-stdout] Extracting C:\Users\t-lucabrera\Desktop\LearningCodeQL\codeql-bundle\codeql\javascript\tools\data\externs\web\w3c_event3.js
[2024-02-09 17:36:39] [build-stdout] Done extracting C:\Users\t-lucabrera\Desktop\LearningCodeQL\codeql-bundle\codeql\javascript\tools\data\externs\web\w3c_event3.js (28 ms)
[2024-02-09 17:36:39] [build-stdout] Extracting C:\Users\t-lucabrera\Desktop\LearningCodeQL\codeql-bundle\codeql\javascript\tools\data\externs\web\w3c_gamepad.js
[2024-02-09 17:36:39] [build-stdout] Done extracting C:\Users\t-lucabrera\Desktop\LearningCodeQL\codeql-bundle\codeql\javascript\tools\data\externs\web\w3c_gamepad.js (34 ms)
[2024-02-09 17:36:39] [build-stdout] Extracting C:\Users\t-lucabrera\Desktop\LearningCodeQL\codeql-bundle\codeql\javascript\tools\data\externs\web\w3c_geolocation.js
[2024-02-09 17:36:39] [build-stdout] Done extracting C:\Users\t-lucabrera\Desktop\LearningCodeQL\codeql-bundle\codeql\javascript\tools\data\externs\web\w3c_geolocation.js (31 ms)
[2024-02-09 17:36:39] [build-stdout] Extracting C:\Users\t-lucabrera\Desktop\LearningCodeQL\codeql-bundle\codeql\javascript\tools\data\externs\web\w3c_indexeddb.js
[2024-02-09 17:36:39] [build-stdout] Done extracting C:\Users\t-lucabrera\Desktop\LearningCodeQL\codeql-bundle\codeql\javascript\tools\data\externs\web\w3c_indexeddb.js (79 ms)
[2024-02-09 17:36:39] [build-stdout] Extracting C:\Users\t-lucabrera\Desktop\LearningCodeQL\codeql-bundle\codeql\javascript\tools\data\externs\web\w3c_midi.js
[2024-02-09 17:36:39] [build-stdout] Done extracting C:\Users\t-lucabrera\Desktop\LearningCodeQL\codeql-bundle\codeql\javascript\tools\data\externs\web\w3c_midi.js (44 ms)
[2024-02-09 17:36:39] [build-stdout] Extracting C:\Users\t-lucabrera\Desktop\LearningCodeQL\codeql-bundle\codeql\javascript\tools\data\externs\web\w3c_navigation_timing.js
[2024-02-09 17:36:39] [build-stdout] Done extracting C:\Users\t-lucabrera\Desktop\LearningCodeQL\codeql-bundle\codeql\javascript\tools\data\externs\web\w3c_navigation_timing.js (42 ms)
[2024-02-09 17:36:39] [build-stdout] Extracting C:\Users\t-lucabrera\Desktop\LearningCodeQL\codeql-bundle\codeql\javascript\tools\data\externs\web\w3c_permissions.js
[2024-02-09 17:36:39] [build-stdout] Done extracting C:\Users\t-lucabrera\Desktop\LearningCodeQL\codeql-bundle\codeql\javascript\tools\data\externs\web\w3c_permissions.js (32 ms)
[2024-02-09 17:36:39] [build-stdout] Extracting C:\Users\t-lucabrera\Desktop\LearningCodeQL\codeql-bundle\codeql\javascript\tools\data\externs\web\w3c_pointer_events.js
[2024-02-09 17:36:39] [build-stdout] Done extracting C:\Users\t-lucabrera\Desktop\LearningCodeQL\codeql-bundle\codeql\javascript\tools\data\externs\web\w3c_pointer_events.js (31 ms)
[2024-02-09 17:36:39] [build-stdout] Extracting C:\Users\t-lucabrera\Desktop\LearningCodeQL\codeql-bundle\codeql\javascript\tools\data\externs\web\w3c_range.js
[2024-02-09 17:36:39] [build-stdout] Done extracting C:\Users\t-lucabrera\Desktop\LearningCodeQL\codeql-bundle\codeql\javascript\tools\data\externs\web\w3c_range.js (38 ms)
[2024-02-09 17:36:39] [build-stdout] Extracting C:\Users\t-lucabrera\Desktop\LearningCodeQL\codeql-bundle\codeql\javascript\tools\data\externs\web\w3c_requestidlecallback.js
[2024-02-09 17:36:39] [build-stdout] Done extracting C:\Users\t-lucabrera\Desktop\LearningCodeQL\codeql-bundle\codeql\javascript\tools\data\externs\web\w3c_requestidlecallback.js (27 ms)
[2024-02-09 17:36:39] [build-stdout] Extracting C:\Users\t-lucabrera\Desktop\LearningCodeQL\codeql-bundle\codeql\javascript\tools\data\externs\web\w3c_rtc.js
[2024-02-09 17:36:39] [build-stdout] Done extracting C:\Users\t-lucabrera\Desktop\LearningCodeQL\codeql-bundle\codeql\javascript\tools\data\externs\web\w3c_rtc.js (137 ms)
[2024-02-09 17:36:39] [build-stdout] Extracting C:\Users\t-lucabrera\Desktop\LearningCodeQL\codeql-bundle\codeql\javascript\tools\data\externs\web\w3c_screen_orientation.js
[2024-02-09 17:36:39] [build-stdout] Done extracting C:\Users\t-lucabrera\Desktop\LearningCodeQL\codeql-bundle\codeql\javascript\tools\data\externs\web\w3c_screen_orientation.js (30 ms)
[2024-02-09 17:36:39] [build-stdout] Extracting C:\Users\t-lucabrera\Desktop\LearningCodeQL\codeql-bundle\codeql\javascript\tools\data\externs\web\w3c_selectors.js
[2024-02-09 17:36:39] [build-stdout] Done extracting C:\Users\t-lucabrera\Desktop\LearningCodeQL\codeql-bundle\codeql\javascript\tools\data\externs\web\w3c_selectors.js (31 ms)
[2024-02-09 17:36:39] [build-stdout] Extracting C:\Users\t-lucabrera\Desktop\LearningCodeQL\codeql-bundle\codeql\javascript\tools\data\externs\web\w3c_serviceworker.js
[2024-02-09 17:36:40] [build-stdout] Done extracting C:\Users\t-lucabrera\Desktop\LearningCodeQL\codeql-bundle\codeql\javascript\tools\data\externs\web\w3c_serviceworker.js (66 ms)
[2024-02-09 17:36:40] [build-stdout] Extracting C:\Users\t-lucabrera\Desktop\LearningCodeQL\codeql-bundle\codeql\javascript\tools\data\externs\web\w3c_touch_event.js
[2024-02-09 17:36:40] [build-stdout] Done extracting C:\Users\t-lucabrera\Desktop\LearningCodeQL\codeql-bundle\codeql\javascript\tools\data\externs\web\w3c_touch_event.js (37 ms)
[2024-02-09 17:36:40] [build-stdout] Extracting C:\Users\t-lucabrera\Desktop\LearningCodeQL\codeql-bundle\codeql\javascript\tools\data\externs\web\w3c_webcrypto.js
[2024-02-09 17:36:40] [build-stdout] Done extracting C:\Users\t-lucabrera\Desktop\LearningCodeQL\codeql-bundle\codeql\javascript\tools\data\externs\web\w3c_webcrypto.js (51 ms)
[2024-02-09 17:36:40] [build-stdout] Extracting C:\Users\t-lucabrera\Desktop\LearningCodeQL\codeql-bundle\codeql\javascript\tools\data\externs\web\w3c_xml.js
[2024-02-09 17:36:40] [build-stdout] Done extracting C:\Users\t-lucabrera\Desktop\LearningCodeQL\codeql-bundle\codeql\javascript\tools\data\externs\web\w3c_xml.js (53 ms)
[2024-02-09 17:36:40] [build-stdout] Extracting C:\Users\t-lucabrera\Desktop\LearningCodeQL\codeql-bundle\codeql\javascript\tools\data\externs\web\webgl.js
[2024-02-09 17:36:40] [build-stdout] Done extracting C:\Users\t-lucabrera\Desktop\LearningCodeQL\codeql-bundle\codeql\javascript\tools\data\externs\web\webgl.js (203 ms)
[2024-02-09 17:36:40] [build-stdout] Extracting C:\Users\t-lucabrera\Desktop\LearningCodeQL\codeql-bundle\codeql\javascript\tools\data\externs\web\webkit_css.js
[2024-02-09 17:36:40] [build-stdout] Done extracting C:\Users\t-lucabrera\Desktop\LearningCodeQL\codeql-bundle\codeql\javascript\tools\data\externs\web\webkit_css.js (96 ms)
[2024-02-09 17:36:40] [build-stdout] Extracting C:\Users\t-lucabrera\Desktop\LearningCodeQL\codeql-bundle\codeql\javascript\tools\data\externs\web\webkit_dom.js
[2024-02-09 17:36:40] [build-stdout] Done extracting C:\Users\t-lucabrera\Desktop\LearningCodeQL\codeql-bundle\codeql\javascript\tools\data\externs\web\webkit_dom.js (71 ms)
[2024-02-09 17:36:40] [build-stdout] Extracting C:\Users\t-lucabrera\Desktop\LearningCodeQL\codeql-bundle\codeql\javascript\tools\data\externs\web\webkit_event.js
[2024-02-09 17:36:40] [build-stdout] Done extracting C:\Users\t-lucabrera\Desktop\LearningCodeQL\codeql-bundle\codeql\javascript\tools\data\externs\web\webkit_event.js (32 ms)
[2024-02-09 17:36:40] [build-stdout] Extracting C:\Users\t-lucabrera\Desktop\LearningCodeQL\codeql-bundle\codeql\javascript\tools\data\externs\web\webkit_notifications.js
[2024-02-09 17:36:40] [build-stdout] Done extracting C:\Users\t-lucabrera\Desktop\LearningCodeQL\codeql-bundle\codeql\javascript\tools\data\externs\web\webkit_notifications.js (63 ms)
[2024-02-09 17:36:40] [build-stdout] Extracting C:\Users\t-lucabrera\Desktop\LearningCodeQL\codeql-bundle\codeql\javascript\tools\data\externs\web\webkit_usercontent.js
[2024-02-09 17:36:40] [build-stdout] Done extracting C:\Users\t-lucabrera\Desktop\LearningCodeQL\codeql-bundle\codeql\javascript\tools\data\externs\web\webkit_usercontent.js (29 ms)
[2024-02-09 17:36:40] [build-stdout] Extracting C:\Users\t-lucabrera\Desktop\LearningCodeQL\codeql-bundle\codeql\javascript\tools\data\externs\web\webstorage.js
[2024-02-09 17:36:40] [build-stdout] Done extracting C:\Users\t-lucabrera\Desktop\LearningCodeQL\codeql-bundle\codeql\javascript\tools\data\externs\web\webstorage.js (34 ms)
[2024-02-09 17:36:40] [build-stdout] Extracting C:\Users\t-lucabrera\Desktop\LearningCodeQL\codeql-bundle\codeql\javascript\tools\data\externs\web\whatwg_encoding.js
[2024-02-09 17:36:40] [build-stdout] Done extracting C:\Users\t-lucabrera\Desktop\LearningCodeQL\codeql-bundle\codeql\javascript\tools\data\externs\web\whatwg_encoding.js (26 ms)
[2024-02-09 17:36:40] [build-stdout] Extracting C:\Users\t-lucabrera\Desktop\LearningCodeQL\codeql-bundle\codeql\javascript\tools\data\externs\web\window.js
[2024-02-09 17:36:40] [build-stdout] Done extracting C:\Users\t-lucabrera\Desktop\LearningCodeQL\codeql-bundle\codeql\javascript\tools\data\externs\web\window.js (40 ms)
[2024-02-09 17:36:40] Plumbing command codeql database trace-command completed.
[2024-02-09 17:36:40] [PROGRESS] database create> Finalizing database at C:\Users\t-lucabrera\Desktop\temporal\javascript-database.
[2024-02-09 17:36:40] Running plumbing command: codeql database finalize --mode=trim --no-db-cluster -- C:\Users\t-lucabrera\Desktop\temporal\javascript-database
[2024-02-09 17:36:40] [PROGRESS] database finalize> Running TRAP import for CodeQL database at C:\Users\t-lucabrera\Desktop\temporal\javascript-database...
[2024-02-09 17:36:40] Running plumbing command: codeql dataset import --dbscheme=C:\Users\t-lucabrera\Desktop\LearningCodeQL\codeql-bundle\codeql\javascript\semmlecode.javascript.dbscheme -- C:\Users\t-lucabrera\Desktop\temporal\javascript-database\db-javascript C:\Users\t-lucabrera\Desktop\temporal\javascript-database\trap\javascript
[2024-02-09 17:36:41] Clearing disk cache since the version file C:\Users\t-lucabrera\Desktop\temporal\javascript-database\db-javascript\default\cache\version does not exist
[2024-02-09 17:36:41] Tuple pool not found. Clearing relations with cached strings
[2024-02-09 17:36:41] Trimming disk cache at C:\Users\t-lucabrera\Desktop\temporal\javascript-database\db-javascript\default\cache in mode clear.
[2024-02-09 17:36:41] Sequence stamp origin is -6220104776955674591
[2024-02-09 17:36:41] Pausing evaluation to hard-clear memory at sequence stamp o+0
[2024-02-09 17:36:41] Unpausing evaluation
[2024-02-09 17:36:41] Pausing evaluation to quickly trim disk at sequence stamp o+1
[2024-02-09 17:36:41] Unpausing evaluation
[2024-02-09 17:36:41] Pausing evaluation to zealously trim disk at sequence stamp o+2
[2024-02-09 17:36:41] Unpausing evaluation
[2024-02-09 17:36:41] Trimming completed (11ms): Purged everything.
[2024-02-09 17:36:41] Scanning for files in C:\Users\t-lucabrera\Desktop\temporal\javascript-database\trap\javascript
[2024-02-09 17:36:41] Found 114 TRAP files (8.19 MiB)
[2024-02-09 17:36:41] [PROGRESS] dataset import> Importing TRAP files
[2024-02-09 17:36:41] Importing es2016.js.trap.gz (1 of 114)
[2024-02-09 17:36:42] Importing es2017.js.trap.gz (2 of 114)
[2024-02-09 17:36:42] Importing es3.js.trap.gz (3 of 114)
[2024-02-09 17:36:42] Importing es5.js.trap.gz (4 of 114)
[2024-02-09 17:36:42] Importing es6.js.trap.gz (5 of 114)
[2024-02-09 17:36:42] Importing es6_collections.js.trap.gz (6 of 114)
[2024-02-09 17:36:42] Importing intl.js.trap.gz (7 of 114)
[2024-02-09 17:36:42] Importing proxy.js.trap.gz (8 of 114)
[2024-02-09 17:36:42] Importing bdd.js.trap.gz (9 of 114)
[2024-02-09 17:36:42] Importing jquery-3.2.js.trap.gz (10 of 114)
[2024-02-09 17:36:42] Importing should.js.trap.gz (11 of 114)
[2024-02-09 17:36:42] Importing vows.js.trap.gz (12 of 114)
[2024-02-09 17:36:42] Importing assert.js.trap.gz (13 of 114)
[2024-02-09 17:36:42] Importing assert_legacy.js.trap.gz (14 of 114)
[2024-02-09 17:36:42] Importing buffer.js.trap.gz (15 of 114)
[2024-02-09 17:36:42] Importing child_process.js.trap.gz (16 of 114)
[2024-02-09 17:36:42] Importing cluster.js.trap.gz (17 of 114)
[2024-02-09 17:36:42] Importing console.js.trap.gz (18 of 114)
[2024-02-09 17:36:42] Importing constants.js.trap.gz (19 of 114)
[2024-02-09 17:36:43] Importing crypto.js.trap.gz (20 of 114)
[2024-02-09 17:36:43] Importing dgram.js.trap.gz (21 of 114)
[2024-02-09 17:36:43] Importing dns.js.trap.gz (22 of 114)
[2024-02-09 17:36:43] Importing domain.js.trap.gz (23 of 114)
[2024-02-09 17:36:43] Importing events.js.trap.gz (24 of 114)
[2024-02-09 17:36:43] Importing fs.js.trap.gz (25 of 114)
[2024-02-09 17:36:43] Importing globals.js.trap.gz (26 of 114)
[2024-02-09 17:36:43] Importing http.js.trap.gz (27 of 114)
[2024-02-09 17:36:43] Importing https.js.trap.gz (28 of 114)
[2024-02-09 17:36:43] Importing module.js.trap.gz (29 of 114)
[2024-02-09 17:36:43] Importing net.js.trap.gz (30 of 114)
[2024-02-09 17:36:43] Importing os.js.trap.gz (31 of 114)
[2024-02-09 17:36:43] Importing path.js.trap.gz (32 of 114)
[2024-02-09 17:36:43] Importing process.js.trap.gz (33 of 114)
[2024-02-09 17:36:43] Importing punycode.js.trap.gz (34 of 114)
[2024-02-09 17:36:43] Importing querystring.js.trap.gz (35 of 114)
[2024-02-09 17:36:43] Importing readline.js.trap.gz (36 of 114)
[2024-02-09 17:36:43] Importing repl.js.trap.gz (37 of 114)
[2024-02-09 17:36:43] Importing stream.js.trap.gz (38 of 114)
[2024-02-09 17:36:43] Importing string_decoder.js.trap.gz (39 of 114)
[2024-02-09 17:36:43] Importing sys.js.trap.gz (40 of 114)
[2024-02-09 17:36:43] Importing timers.js.trap.gz (41 of 114)
[2024-02-09 17:36:43] Importing tls.js.trap.gz (42 of 114)
[2024-02-09 17:36:43] Importing tty.js.trap.gz (43 of 114)
[2024-02-09 17:36:43] Importing url.js.trap.gz (44 of 114)
[2024-02-09 17:36:43] Importing util.js.trap.gz (45 of 114)
[2024-02-09 17:36:43] Importing v8.js.trap.gz (46 of 114)
[2024-02-09 17:36:43] Importing vm.js.trap.gz (47 of 114)
[2024-02-09 17:36:43] Importing zlib.js.trap.gz (48 of 114)
[2024-02-09 17:36:43] Importing jsshell.js.trap.gz (49 of 114)
[2024-02-09 17:36:43] Importing rhino.js.trap.gz (50 of 114)
[2024-02-09 17:36:43] Importing spidermonkey.js.trap.gz (51 of 114)
[2024-02-09 17:36:43] Importing v8.js.trap.gz (52 of 114)
[2024-02-09 17:36:43] Importing chrome.js.trap.gz (53 of 114)
[2024-02-09 17:36:43] Importing fetchapi.js.trap.gz (54 of 114)
[2024-02-09 17:36:43] Importing fileapi.js.trap.gz (55 of 114)
[2024-02-09 17:36:44] Importing flash.js.trap.gz (56 of 114)
[2024-02-09 17:36:44] Importing gecko_css.js.trap.gz (57 of 114)
[2024-02-09 17:36:44] Importing gecko_dom.js.trap.gz (58 of 114)
[2024-02-09 17:36:44] Importing gecko_event.js.trap.gz (59 of 114)
[2024-02-09 17:36:44] Importing gecko_ext.js.trap.gz (60 of 114)
[2024-02-09 17:36:44] Importing gecko_xml.js.trap.gz (61 of 114)
[2024-02-09 17:36:44] Importing html5.js.trap.gz (62 of 114)
[2024-02-09 17:36:44] Importing ie_css.js.trap.gz (63 of 114)
[2024-02-09 17:36:44] Importing ie_dom.js.trap.gz (64 of 114)
[2024-02-09 17:36:44] Importing ie_event.js.trap.gz (65 of 114)
[2024-02-09 17:36:44] Importing ie_vml.js.trap.gz (66 of 114)
[2024-02-09 17:36:44] Importing intl.js.trap.gz (67 of 114)
[2024-02-09 17:36:44] Importing iphone.js.trap.gz (68 of 114)
[2024-02-09 17:36:44] Importing mediasource.js.trap.gz (69 of 114)
[2024-02-09 17:36:44] Importing page_visibility.js.trap.gz (70 of 114)
[2024-02-09 17:36:44] Importing streamsapi.js.trap.gz (71 of 114)
[2024-02-09 17:36:44] Importing url.js.trap.gz (72 of 114)
[2024-02-09 17:36:44] Importing w3c_anim_timing.js.trap.gz (73 of 114)
[2024-02-09 17:36:44] Importing w3c_batterystatus.js.trap.gz (74 of 114)
[2024-02-09 17:36:44] Importing w3c_css.js.trap.gz (75 of 114)
[2024-02-09 17:36:44] Importing w3c_css3d.js.trap.gz (76 of 114)
[2024-02-09 17:36:44] Importing w3c_device_sensor_event.js.trap.gz (77 of 114)
[2024-02-09 17:36:44] Importing w3c_dom1.js.trap.gz (78 of 114)
[2024-02-09 17:36:44] Importing w3c_dom2.js.trap.gz (79 of 114)
[2024-02-09 17:36:44] Importing w3c_dom3.js.trap.gz (80 of 114)
[2024-02-09 17:36:44] Importing w3c_dom4.js.trap.gz (81 of 114)
[2024-02-09 17:36:44] Importing w3c_elementtraversal.js.trap.gz (82 of 114)
[2024-02-09 17:36:44] Importing w3c_encoding.js.trap.gz (83 of 114)
[2024-02-09 17:36:44] Importing w3c_event.js.trap.gz (84 of 114)
[2024-02-09 17:36:44] Importing w3c_event3.js.trap.gz (85 of 114)
[2024-02-09 17:36:44] Importing w3c_gamepad.js.trap.gz (86 of 114)
[2024-02-09 17:36:44] Importing w3c_geolocation.js.trap.gz (87 of 114)
[2024-02-09 17:36:44] Importing w3c_indexeddb.js.trap.gz (88 of 114)
[2024-02-09 17:36:44] Importing w3c_midi.js.trap.gz (89 of 114)
[2024-02-09 17:36:44] Importing w3c_navigation_timing.js.trap.gz (90 of 114)
[2024-02-09 17:36:44] Importing w3c_permissions.js.trap.gz (91 of 114)
[2024-02-09 17:36:44] Importing w3c_pointer_events.js.trap.gz (92 of 114)
[2024-02-09 17:36:44] Importing w3c_range.js.trap.gz (93 of 114)
[2024-02-09 17:36:44] Importing w3c_requestidlecallback.js.trap.gz (94 of 114)
[2024-02-09 17:36:44] Importing w3c_rtc.js.trap.gz (95 of 114)
[2024-02-09 17:36:44] Importing w3c_screen_orientation.js.trap.gz (96 of 114)
[2024-02-09 17:36:44] Importing w3c_selectors.js.trap.gz (97 of 114)
[2024-02-09 17:36:44] Importing w3c_serviceworker.js.trap.gz (98 of 114)
[2024-02-09 17:36:45] Importing w3c_touch_event.js.trap.gz (99 of 114)
[2024-02-09 17:36:45] Importing w3c_webcrypto.js.trap.gz (100 of 114)
[2024-02-09 17:36:45] Importing w3c_xml.js.trap.gz (101 of 114)
[2024-02-09 17:36:45] Importing webgl.js.trap.gz (102 of 114)
[2024-02-09 17:36:45] Importing webkit_css.js.trap.gz (103 of 114)
[2024-02-09 17:36:45] Importing webkit_dom.js.trap.gz (104 of 114)
[2024-02-09 17:36:45] Importing webkit_event.js.trap.gz (105 of 114)
[2024-02-09 17:36:45] Importing webkit_notifications.js.trap.gz (106 of 114)
[2024-02-09 17:36:45] Importing webkit_usercontent.js.trap.gz (107 of 114)
[2024-02-09 17:36:45] Importing webstorage.js.trap.gz (108 of 114)
[2024-02-09 17:36:45] Importing whatwg_encoding.js.trap.gz (109 of 114)
[2024-02-09 17:36:45] Importing window.js.trap.gz (110 of 114)
[2024-02-09 17:36:45] Importing notReachableFile.js.trap.gz (111 of 114)
[2024-02-09 17:36:45] Importing package.json.trap.gz (112 of 114)
[2024-02-09 17:36:45] Importing reachableFile.js.trap.gz (113 of 114)
[2024-02-09 17:36:45] Importing sourceLocationPrefix.trap.gz (114 of 114)
[2024-02-09 17:36:45] [PROGRESS] dataset import> Merging relations
[2024-02-09 17:36:45] Merging 1 fragment for 'files'.
[2024-02-09 17:36:45] Merged 904 bytes for 'files'.
[2024-02-09 17:36:45] Merging 1 fragment for 'folders'.
[2024-02-09 17:36:45] Merged 136 bytes for 'folders'.
[2024-02-09 17:36:45] Merging 1 fragment for 'containerparent'.
[2024-02-09 17:36:45] Merged 1032 bytes (1.01 KiB) for 'containerparent'.
[2024-02-09 17:36:45] Merging 2 fragments for 'locations_default'.
[2024-02-09 17:36:45] Merged 4533240 bytes (4.32 MiB) for 'locations_default'.
[2024-02-09 17:36:45] Merging 3 fragments for 'hasLocation'.
[2024-02-09 17:36:45] Merged 1864600 bytes (1.78 MiB) for 'hasLocation'.
[2024-02-09 17:36:45] Merging 1 fragment for 'extraction_data'.
[2024-02-09 17:36:45] Merged 1808 bytes (1.77 KiB) for 'extraction_data'.
[2024-02-09 17:36:45] Merging 1 fragment for 'scopes'.
[2024-02-09 17:36:45] Merged 31376 bytes (30.64 KiB) for 'scopes'.
[2024-02-09 17:36:45] Merging 1 fragment for 'comments'.
[2024-02-09 17:36:45] Merged 212160 bytes (207.19 KiB) for 'comments'.
[2024-02-09 17:36:45] Merging 1 fragment for 'indentation'.
[2024-02-09 17:36:45] Merged 403840 bytes (394.38 KiB) for 'indentation'.
[2024-02-09 17:36:45] Merging 1 fragment for 'numlines'.
[2024-02-09 17:36:45] Merged 3600 bytes (3.52 KiB) for 'numlines'.
[2024-02-09 17:36:45] Merging 1 fragment for 'tokeninfo'.
[2024-02-09 17:36:45] Merged 1780280 bytes (1.70 MiB) for 'tokeninfo'.
[2024-02-09 17:36:45] Merging 1 fragment for 'next_token'.
[2024-02-09 17:36:45] Merged 84864 bytes (82.88 KiB) for 'next_token'.
[2024-02-09 17:36:46] Merging 1 fragment for 'jsdoc'.
[2024-02-09 17:36:46] Merged 110076 bytes (107.50 KiB) for 'jsdoc'.
[2024-02-09 17:36:46] Merging 1 fragment for 'jsdoc_tags'.
[2024-02-09 17:36:46] Merged 362440 bytes (353.95 KiB) for 'jsdoc_tags'.
[2024-02-09 17:36:46] Merging 1 fragment for 'jsdoc_tag_descriptions'.
[2024-02-09 17:36:46] Merged 27432 bytes (26.79 KiB) for 'jsdoc_tag_descriptions'.
[2024-02-09 17:36:46] Merging 1 fragment for 'jsdoc_tag_names'.
[2024-02-09 17:36:46] Merged 39352 bytes (38.43 KiB) for 'jsdoc_tag_names'.
[2024-02-09 17:36:46] Merging 1 fragment for 'jsdoc_type_exprs'.
[2024-02-09 17:36:46] Merged 464080 bytes (453.20 KiB) for 'jsdoc_type_exprs'.
[2024-02-09 17:36:46] Merging 1 fragment for 'toplevels'.
[2024-02-09 17:36:46] Merged 896 bytes for 'toplevels'.
[2024-02-09 17:36:46] Merging 1 fragment for 'stmts'.
[2024-02-09 17:36:46] Merged 281080 bytes (274.49 KiB) for 'stmts'.
[2024-02-09 17:36:46] Merging 1 fragment for 'stmt_containers'.
[2024-02-09 17:36:46] Merged 112432 bytes (109.80 KiB) for 'stmt_containers'.
[2024-02-09 17:36:46] Merging 1 fragment for 'exprs'.
[2024-02-09 17:36:46] Merged 1210800 bytes (1.15 MiB) for 'exprs'.
[2024-02-09 17:36:46] Merging 1 fragment for 'enclosing_stmt'.
[2024-02-09 17:36:46] Merged 438584 bytes (428.30 KiB) for 'enclosing_stmt'.
[2024-02-09 17:36:46] Merging 1 fragment for 'expr_containers'.
[2024-02-09 17:36:46] Merged 484320 bytes (472.97 KiB) for 'expr_containers'.
[2024-02-09 17:36:46] Merging 1 fragment for 'literals'.
[2024-02-09 17:36:46] Merged 416088 bytes (406.34 KiB) for 'literals'.
[2024-02-09 17:36:46] Merging 1 fragment for 'variables'.
[2024-02-09 17:36:46] Merged 120108 bytes (117.29 KiB) for 'variables'.
[2024-02-09 17:36:46] Merging 1 fragment for 'bind'.
[2024-02-09 17:36:46] Merged 80320 bytes (78.44 KiB) for 'bind'.
[2024-02-09 17:36:46] Merging 1 fragment for 'scopenodes'.
[2024-02-09 17:36:46] Merged 31368 bytes (30.63 KiB) for 'scopenodes'.
[2024-02-09 17:36:46] Merging 1 fragment for 'scopenesting'.
[2024-02-09 17:36:46] Merged 31368 bytes (30.63 KiB) for 'scopenesting'.
[2024-02-09 17:36:46] Merging 1 fragment for 'decl'.
[2024-02-09 17:36:46] Merged 47656 bytes (46.54 KiB) for 'decl'.
[2024-02-09 17:36:46] Merging 1 fragment for 'is_arguments_object'.
[2024-02-09 17:36:46] Merged 15536 bytes (15.17 KiB) for 'is_arguments_object'.
[2024-02-09 17:36:46] Merging 1 fragment for 'entry_cfg_node'.
[2024-02-09 17:36:46] Merged 31968 bytes (31.22 KiB) for 'entry_cfg_node'.
[2024-02-09 17:36:46] Merging 1 fragment for 'exit_cfg_node'.
[2024-02-09 17:36:46] Merged 31968 bytes (31.22 KiB) for 'exit_cfg_node'.
[2024-02-09 17:36:46] Merging 1 fragment for 'successor'.
[2024-02-09 17:36:46] Merged 629608 bytes (614.85 KiB) for 'successor'.
[2024-02-09 17:36:46] Merging 1 fragment for 'is_externs'.
[2024-02-09 17:36:46] Merged 440 bytes for 'is_externs'.
[2024-02-09 17:36:46] Merging 1 fragment for 'filetype'.
[2024-02-09 17:36:46] Merged 904 bytes for 'filetype'.
[2024-02-09 17:36:46] Merging 1 fragment for 'extraction_time'.
[2024-02-09 17:36:46] Merged 40680 bytes (39.73 KiB) for 'extraction_time'.
[2024-02-09 17:36:46] Merging 1 fragment for 'jsdoc_prefix_qualifier'.
[2024-02-09 17:36:46] Merged 7192 bytes (7.02 KiB) for 'jsdoc_prefix_qualifier'.
[2024-02-09 17:36:46] Merging 1 fragment for 'jsdoc_errors'.
[2024-02-09 17:36:46] Merged 3200 bytes (3.12 KiB) for 'jsdoc_errors'.
[2024-02-09 17:36:46] Merging 1 fragment for 'jsdoc_record_field_name'.
[2024-02-09 17:36:46] Merged 5964 bytes (5.82 KiB) for 'jsdoc_record_field_name'.
[2024-02-09 17:36:46] Merging 1 fragment for 'jsdoc_has_new_parameter'.
[2024-02-09 17:36:46] Merged 28 bytes for 'jsdoc_has_new_parameter'.
[2024-02-09 17:36:46] Merging 1 fragment for 'properties'.
[2024-02-09 17:36:46] Merged 1740 bytes (1.70 KiB) for 'properties'.
[2024-02-09 17:36:46] Merging 1 fragment for 'regexpterm'.
[2024-02-09 17:36:46] Merged 800 bytes for 'regexpterm'.
[2024-02-09 17:36:46] Merging 1 fragment for 'regexp_const_value'.
[2024-02-09 17:36:46] Merged 240 bytes for 'regexp_const_value'.
[2024-02-09 17:36:46] Merging 1 fragment for 'guard_node'.
[2024-02-09 17:36:46] Merged 192 bytes for 'guard_node'.
[2024-02-09 17:36:46] Merging 1 fragment for 'is_module'.
[2024-02-09 17:36:46] Merged 148 bytes for 'is_module'.
[2024-02-09 17:36:46] Merging 1 fragment for 'is_nodejs'.
[2024-02-09 17:36:46] Merged 148 bytes for 'is_nodejs'.
[2024-02-09 17:36:46] Merging 1 fragment for 'json'.
[2024-02-09 17:36:46] Merged 240 bytes for 'json'.
[2024-02-09 17:36:46] Merging 1 fragment for 'json_locations'.
[2024-02-09 17:36:46] Merged 96 bytes for 'json_locations'.
[2024-02-09 17:36:46] Merging 1 fragment for 'json_literals'.
[2024-02-09 17:36:46] Merged 108 bytes for 'json_literals'.
[2024-02-09 17:36:46] Merging 1 fragment for 'json_properties'.
[2024-02-09 17:36:46] Merged 132 bytes for 'json_properties'.
[2024-02-09 17:36:46] Merging 1 fragment for 'sourceLocationPrefix'.
[2024-02-09 17:36:46] Merged 4 bytes for 'sourceLocationPrefix'.
[2024-02-09 17:36:46] Saving string and id pools to disk.
[2024-02-09 17:36:47] Finished importing TRAP files.
[2024-02-09 17:36:47] Read 43.36 MiB of uncompressed TRAP data.
[2024-02-09 17:36:47] Relation data size: 13.30 MiB (merge rate: 10.42 MiB/s)
[2024-02-09 17:36:47] String pool size: 4.78 MiB
[2024-02-09 17:36:47] ID pool size: 17.00 MiB
[2024-02-09 17:36:47] [PROGRESS] dataset import> Finished writing database (relations: 13.30 MiB; string pool: 4.78 MiB).
[2024-02-09 17:36:47] Pausing evaluation to close the cache at sequence stamp o+3
[2024-02-09 17:36:47] The disk cache is freshly trimmed; leave it be.
[2024-02-09 17:36:47] Unpausing evaluation
[2024-02-09 17:36:47] Plumbing command codeql dataset import completed.
[2024-02-09 17:36:47] [PROGRESS] database finalize> TRAP import complete (6.2s).
[2024-02-09 17:36:47] Running plumbing command: codeql database cleanup --mode=trim -- C:\Users\t-lucabrera\Desktop\temporal\javascript-database
[2024-02-09 17:36:48] [PROGRESS] database cleanup> Cleaning up existing TRAP files after import...
[2024-02-09 17:36:48] [PROGRESS] database cleanup> TRAP files cleaned up (44ms).
[2024-02-09 17:36:48] [PROGRESS] database cleanup> Cleaning up scratch directory...
[2024-02-09 17:36:48] [PROGRESS] database cleanup> Scratch directory cleaned up (0ms).
[2024-02-09 17:36:48] Running plumbing command: codeql dataset cleanup --mode=trim -- C:\Users\t-lucabrera\Desktop\temporal\javascript-database\db-javascript
[2024-02-09 17:36:48] [PROGRESS] dataset cleanup> Cleaning up dataset in C:\Users\t-lucabrera\Desktop\temporal\javascript-database\db-javascript.
[2024-02-09 17:36:48] Trimming disk cache at C:\Users\t-lucabrera\Desktop\temporal\javascript-database\db-javascript\default\cache in mode trim.
[2024-02-09 17:36:48] Sequence stamp origin is -6220104746640998700
[2024-02-09 17:36:48] Pausing evaluation to zealously trim disk at sequence stamp o+0
[2024-02-09 17:36:48] Unpausing evaluation
[2024-02-09 17:36:48] Trimming completed (1ms): Trimmed disposable data from cache.
[2024-02-09 17:36:48] Pausing evaluation to close the cache at sequence stamp o+1
[2024-02-09 17:36:48] The disk cache is freshly trimmed; leave it be.
[2024-02-09 17:36:48] Unpausing evaluation
[2024-02-09 17:36:48] [PROGRESS] dataset cleanup> Trimmed disposable data from cache.
[2024-02-09 17:36:48] [PROGRESS] dataset cleanup> Finalizing dataset in C:\Users\t-lucabrera\Desktop\temporal\javascript-database\db-javascript
[2024-02-09 17:36:48] [DETAILS] dataset cleanup> Finished deleting ID pool from C:\Users\t-lucabrera\Desktop\temporal\javascript-database\db-javascript (8ms).
[2024-02-09 17:36:48] Plumbing command codeql dataset cleanup completed.
[2024-02-09 17:36:48] Plumbing command codeql database cleanup completed with status 0.
[2024-02-09 17:36:48] [PROGRESS] database finalize> Finished zipping source archive (252.90 KiB).
[2024-02-09 17:36:48] Plumbing command codeql database finalize completed.
[2024-02-09 17:36:48] [PROGRESS] database create> Successfully created database at C:\Users\t-lucabrera\Desktop\temporal\javascript-database.
[2024-02-09 17:36:48] Terminating normally.
