[2024-02-09 17:36:02] This is codeql database create --language=javascript-typescript --source-root C:\Users\t-lucabrera\Desktop\temporal C:\Users\t-lucabrera\Desktop\temporal\javascript-database
[2024-02-09 17:36:02] Log file was started late.
[2024-02-09 17:36:02] [PROGRESS] database create> Initializing database at C:\Users\t-lucabrera\Desktop\temporal\javascript-database.
[2024-02-09 17:36:02] Running plumbing command: codeql database init --language=javascript-typescript --extractor-options-verbosity=1 --qlconfig-file=C:\Users\t-lucabrera\Desktop\temporal\qlconfig.yml --source-root=C:\Users\t-lucabrera\Desktop\temporal --allow-missing-source-root=false --allow-already-existing -- C:\Users\t-lucabrera\Desktop\temporal\javascript-database
[2024-02-09 17:36:02] Calling plumbing command: codeql resolve languages --extractor-options-verbosity=1 --format=betterjson
[2024-02-09 17:36:02] [DETAILS] resolve languages> Scanning for [codeql-extractor.yml] from C:\Users\t-lucabrera\Desktop\LearningCodeQL\codeql-bundle\codeql\.codeqlmanifest.json
[2024-02-09 17:36:02] [DETAILS] resolve languages> Parsing C:\Users\t-lucabrera\Desktop\LearningCodeQL\codeql-bundle\codeql\cpp\codeql-extractor.yml.
[2024-02-09 17:36:02] [DETAILS] resolve languages> Parsing C:\Users\t-lucabrera\Desktop\LearningCodeQL\codeql-bundle\codeql\csharp\codeql-extractor.yml.
[2024-02-09 17:36:02] [DETAILS] resolve languages> Parsing C:\Users\t-lucabrera\Desktop\LearningCodeQL\codeql-bundle\codeql\csv\codeql-extractor.yml.
[2024-02-09 17:36:02] [DETAILS] resolve languages> Parsing C:\Users\t-lucabrera\Desktop\LearningCodeQL\codeql-bundle\codeql\go\codeql-extractor.yml.
[2024-02-09 17:36:02] [DETAILS] resolve languages> Parsing C:\Users\t-lucabrera\Desktop\LearningCodeQL\codeql-bundle\codeql\html\codeql-extractor.yml.
[2024-02-09 17:36:02] [DETAILS] resolve languages> Parsing C:\Users\t-lucabrera\Desktop\LearningCodeQL\codeql-bundle\codeql\java\codeql-extractor.yml.
[2024-02-09 17:36:02] [DETAILS] resolve languages> Parsing C:\Users\t-lucabrera\Desktop\LearningCodeQL\codeql-bundle\codeql\javascript\codeql-extractor.yml.
[2024-02-09 17:36:02] [DETAILS] resolve languages> Parsing C:\Users\t-lucabrera\Desktop\LearningCodeQL\codeql-bundle\codeql\properties\codeql-extractor.yml.
[2024-02-09 17:36:02] [DETAILS] resolve languages> Parsing C:\Users\t-lucabrera\Desktop\LearningCodeQL\codeql-bundle\codeql\python\codeql-extractor.yml.
[2024-02-09 17:36:03] [DETAILS] resolve languages> Parsing C:\Users\t-lucabrera\Desktop\LearningCodeQL\codeql-bundle\codeql\ruby\codeql-extractor.yml.
[2024-02-09 17:36:03] [DETAILS] resolve languages> Parsing C:\Users\t-lucabrera\Desktop\LearningCodeQL\codeql-bundle\codeql\swift\codeql-extractor.yml.
[2024-02-09 17:36:03] [DETAILS] resolve languages> Parsing C:\Users\t-lucabrera\Desktop\LearningCodeQL\codeql-bundle\codeql\xml\codeql-extractor.yml.
[2024-02-09 17:36:03] [DETAILS] resolve languages> Parsing C:\Users\t-lucabrera\Desktop\LearningCodeQL\codeql-bundle\codeql\yaml\codeql-extractor.yml.
[2024-02-09 17:36:03] Plumbing command codeql resolve languages completed:
                      {
                        "aliases" : {
                          "c" : "cpp",
                          "c++" : "cpp",
                          "c-c++" : "cpp",
                          "c-cpp" : "cpp",
                          "c#" : "csharp",
                          "java-kotlin" : "java",
                          "kotlin" : "java",
                          "javascript-typescript" : "javascript",
                          "typescript" : "javascript"
                        },
                        "extractors" : {
                          "cpp" : [
                            {
                              "extractor_root" : "C:\\Users\\t-lucabrera\\Desktop\\LearningCodeQL\\codeql-bundle\\codeql\\cpp",
                              "extractor_options" : { }
                            }
                          ],
                          "csharp" : [
                            {
                              "extractor_root" : "C:\\Users\\t-lucabrera\\Desktop\\LearningCodeQL\\codeql-bundle\\codeql\\csharp",
                              "extractor_options" : {
                                "trap" : {
                                  "title" : "Options pertaining to TRAP.",
                                  "description" : "Options pertaining to TRAP.",
                                  "type" : "object",
                                  "properties" : {
                                    "compression" : {
                                      "title" : "Controls compression for the TRAP files written by the extractor.",
                                      "description" : "This option is only intended for use in debugging the extractor. Accepted values are 'brotli' (the default, to write brotli-compressed TRAP), 'gzip', and 'none' (to write uncompressed TRAP).\n",
                                      "type" : "string",
                                      "pattern" : "^(none|gzip|brotli)$"
                                    }
                                  }
                                },
                                "buildless" : {
                                  "title" : "Whether to use buildless (standalone) extraction.",
                                  "description" : "A value indicating, which type of extraction the autobuilder should perform. If 'true', then the standalone extractor will be used, otherwise tracing extraction will be performed. The default is 'false'. Note that buildless extraction will generally yield less accurate analysis results, and should only be used in cases where it is not possible to build the code (for example if it uses inaccessible dependencies).\n",
                                  "type" : "string",
                                  "pattern" : "^(false|true)$"
                                },
                                "cil" : {
                                  "title" : "Whether to enable CIL extraction.",
                                  "description" : "A value indicating, whether CIL extraction should be enabled. The default is 'true'.\n",
                                  "type" : "string",
                                  "pattern" : "^(false|true)$"
                                }
                              }
                            }
                          ],
                          "csv" : [
                            {
                              "extractor_root" : "C:\\Users\\t-lucabrera\\Desktop\\LearningCodeQL\\codeql-bundle\\codeql\\csv"
                            }
                          ],
                          "go" : [
                            {
                              "extractor_root" : "C:\\Users\\t-lucabrera\\Desktop\\LearningCodeQL\\codeql-bundle\\codeql\\go"
                            }
                          ],
                          "html" : [
                            {
                              "extractor_root" : "C:\\Users\\t-lucabrera\\Desktop\\LearningCodeQL\\codeql-bundle\\codeql\\html"
                            }
                          ],
                          "java" : [
                            {
                              "extractor_root" : "C:\\Users\\t-lucabrera\\Desktop\\LearningCodeQL\\codeql-bundle\\codeql\\java",
                              "extractor_options" : {
                                "exclude" : {
                                  "title" : "A glob excluding files from analysis.",
                                  "description" : "A glob indicating what files to exclude from the analysis.\n",
                                  "type" : "string"
                                },
                                "add_prefer_source" : {
                                  "title" : "Whether to always prefer source files over class files.",
                                  "description" : "A value indicating whether source files should be preferred over class files. If set to 'true', the extraction adds '-Xprefer:source' to the javac command line. If set to 'false', the extraction uses the default javac behavior ('-Xprefer:newer'). The default is 'true'.\n",
                                  "type" : "string",
                                  "pattern" : "^(false|true)$"
                                },
                                "buildless" : {
                                  "title" : "Whether to use buildless (standalone) extraction (experimental).",
                                  "description" : "A value indicating, which type of extraction the autobuilder should perform. If 'true', then the standalone extractor will be used, otherwise tracing extraction will be performed. The default is 'false'. Note that buildless extraction will generally yield less accurate analysis results, and should only be used in cases where it is not possible to build the code (for example if it uses inaccessible dependencies).\n",
                                  "type" : "string",
                                  "pattern" : "^(false|true)$"
                                }
                              }
                            }
                          ],
                          "javascript" : [
                            {
                              "extractor_root" : "C:\\Users\\t-lucabrera\\Desktop\\LearningCodeQL\\codeql-bundle\\codeql\\javascript",
                              "extractor_options" : {
                                "skip_types" : {
                                  "title" : "Skip type extraction for TypeScript",
                                  "description" : "Whether to skip the extraction of types in a TypeScript application",
                                  "type" : "string",
                                  "pattern" : "^(false|true)$"
                                }
                              }
                            }
                          ],
                          "properties" : [
                            {
                              "extractor_root" : "C:\\Users\\t-lucabrera\\Desktop\\LearningCodeQL\\codeql-bundle\\codeql\\properties"
                            }
                          ],
                          "python" : [
                            {
                              "extractor_root" : "C:\\Users\\t-lucabrera\\Desktop\\LearningCodeQL\\codeql-bundle\\codeql\\python",
                              "extractor_options" : {
                                "logging" : {
                                  "title" : "Options pertaining to logging.",
                                  "description" : "Options pertaining to logging.",
                                  "type" : "object",
                                  "properties" : {
                                    "verbosity" : {
                                      "title" : "Python extractor logging verbosity level.",
                                      "description" : "Controls the level of verbosity of the CodeQL Python extractor.\nThe supported levels are (in order of increasing verbosity):\n\n  - off\n  - errors\n  - warnings\n  - info or progress\n  - debug or progress+\n  - trace or progress++\n  - progress+++\n",
                                      "type" : "string",
                                      "pattern" : "^(off|errors|warnings|(info|progress)|(debug|progress\\+)|(trace|progress\\+\\+)|progress\\+\\+\\+)$"
                                    }
                                  }
                                }
                              }
                            }
                          ],
                          "ruby" : [
                            {
                              "extractor_root" : "C:\\Users\\t-lucabrera\\Desktop\\LearningCodeQL\\codeql-bundle\\codeql\\ruby",
                              "extractor_options" : {
                                "trap" : {
                                  "title" : "Options pertaining to TRAP.",
                                  "description" : "Options pertaining to TRAP.",
                                  "type" : "object",
                                  "properties" : {
                                    "compression" : {
                                      "title" : "Controls compression for the TRAP files written by the extractor.",
                                      "description" : "This option is only intended for use in debugging the extractor. Accepted values are 'gzip' (the default, to write gzip-compressed TRAP) and 'none' (to write uncompressed TRAP).\n",
                                      "type" : "string",
                                      "pattern" : "^(none|gzip)$"
                                    }
                                  }
                                }
                              }
                            }
                          ],
                          "swift" : [
                            {
                              "extractor_root" : "C:\\Users\\t-lucabrera\\Desktop\\LearningCodeQL\\codeql-bundle\\codeql\\swift"
                            }
                          ],
                          "xml" : [
                            {
                              "extractor_root" : "C:\\Users\\t-lucabrera\\Desktop\\LearningCodeQL\\codeql-bundle\\codeql\\xml"
                            }
                          ],
                          "yaml" : [
                            {
                              "extractor_root" : "C:\\Users\\t-lucabrera\\Desktop\\LearningCodeQL\\codeql-bundle\\codeql\\yaml"
                            }
                          ]
                        }
                      }
[2024-02-09 17:36:03] [PROGRESS] database init> Calculating baseline information in C:\Users\t-lucabrera\Desktop\temporal
[2024-02-09 17:36:03] [SPAMMY] database init> Ignoring the following directories when processing baseline information: .git, .hg, .svn.
[2024-02-09 17:36:03] [DETAILS] database init> Running command in C:\Users\t-lucabrera\Desktop\temporal: C:\Users\t-lucabrera\Desktop\LearningCodeQL\codeql-bundle\codeql\tools\win64\scc.exe --by-file --exclude-dir .git,.hg,.svn --format json --no-large --no-min .
[2024-02-09 17:36:04] Using configure-baseline script C:\Users\t-lucabrera\Desktop\LearningCodeQL\codeql-bundle\codeql\javascript\tools\configure-baseline.cmd.
[2024-02-09 17:36:04] [PROGRESS] database init> Running command in C:\Users\t-lucabrera\Desktop\temporal: [C:\Users\t-lucabrera\Desktop\LearningCodeQL\codeql-bundle\codeql\javascript\tools\configure-baseline.cmd]
[2024-02-09 17:36:05] [SPAMMY] database init> Ignored an additional 163 files when processing baseline information for JavaScript due to paths and paths-ignore configuration.
[2024-02-09 17:36:05] [SPAMMY] database init> Found 2 baseline files for javascript.
[2024-02-09 17:36:05] [PROGRESS] database init> Calculated baseline information for languages: javascript (2.4s).
[2024-02-09 17:36:05] [PROGRESS] database init> Resolving extractor javascript-typescript.
[2024-02-09 17:36:05] [DETAILS] database init> Found candidate extractor root for javascript-typescript: C:\Users\t-lucabrera\Desktop\LearningCodeQL\codeql-bundle\codeql\javascript.
[2024-02-09 17:36:05] [PROGRESS] database init> Successfully loaded extractor JavaScript/TypeScript (javascript) from C:\Users\t-lucabrera\Desktop\LearningCodeQL\codeql-bundle\codeql\javascript.
[2024-02-09 17:36:05] Exception caught at top level: Extractor mismatch: Wanted javascript-typescript, but got javascript from C:\Users\t-lucabrera\Desktop\LearningCodeQL\codeql-bundle\codeql\javascript.
                      java.base/java.util.Optional.map(Unknown Source)
                      com.semmle.util.data.Result.getOrThrow(Result.java:31)
                      com.semmle.cli2.database.InitCommand.initOneDatabase(InitCommand.java:399)
                      com.semmle.cli2.database.InitCommand.executeSubcommand(InitCommand.java:225)
                      com.semmle.cli2.picocli.SubcommandCommon.lambda$executeSubcommandWithMessages$5(SubcommandCommon.java:803)
                      com.semmle.cli2.picocli.SubcommandCommon.withCompilationMessages(SubcommandCommon.java:442)
                      com.semmle.cli2.picocli.SubcommandCommon.executeSubcommandWithMessages(SubcommandCommon.java:801)
                      com.semmle.cli2.picocli.PlumbingRunner.run(PlumbingRunner.java:119)
                      com.semmle.cli2.picocli.SubcommandCommon.runPlumbingInProcess(SubcommandCommon.java:199)
                      com.semmle.cli2.database.CreateCommand.executeSubcommand(CreateCommand.java:108)
                      com.semmle.cli2.picocli.SubcommandCommon.lambda$executeSubcommandWithMessages$5(SubcommandCommon.java:803)
                      com.semmle.cli2.picocli.SubcommandCommon.withCompilationMessages(SubcommandCommon.java:442)
                      com.semmle.cli2.picocli.SubcommandCommon.executeSubcommandWithMessages(SubcommandCommon.java:801)
                      com.semmle.cli2.picocli.SubcommandCommon.toplevelMain(SubcommandCommon.java:685)
                      com.semmle.cli2.picocli.SubcommandCommon.call(SubcommandCommon.java:666)
                      com.semmle.cli2.picocli.SubcommandMaker.runMain(SubcommandMaker.java:237)
                      com.semmle.cli2.picocli.SubcommandMaker.runMain(SubcommandMaker.java:247)
                      com.semmle.cli2.CodeQL.main(CodeQL.java:115)
